This is pdfTeX, Version 3.14159265-2.6-1.40.16 (MiKTeX 2.9) (preloaded format=pdflatex 2016.2.23)  19 MAY 2016 14:12
entering extended mode
**\input week04.tex
(week04.tex (SingleAssignmentSetup.tex (C:\MiKTeX2.9\tex\latex\base\article.cls
Document Class: article 2014/09/29 v1.4h Standard LaTeX document class
(C:\MiKTeX2.9\tex\latex\base\size10.clo
File: size10.clo 2014/09/29 v1.4h Standard LaTeX file (size option)
)
\c@part=\count79
\c@section=\count80
\c@subsection=\count81
\c@subsubsection=\count82
\c@paragraph=\count83
\c@subparagraph=\count84
\c@figure=\count85
\c@table=\count86
\abovecaptionskip=\skip41
\belowcaptionskip=\skip42
\bibindent=\dimen102
)
(C:\MiKTeX2.9\tex\latex\graphics\graphicx.sty
Package: graphicx 2014/10/28 v1.0g Enhanced LaTeX Graphics (DPC,SPQR)

(C:\MiKTeX2.9\tex\latex\graphics\keyval.sty
Package: keyval 2014/10/28 v1.15 key=value parser (DPC)
\KV@toks@=\toks14
)
(C:\MiKTeX2.9\tex\latex\graphics\graphics.sty
Package: graphics 2014/10/28 v1.0p Standard LaTeX Graphics (DPC,SPQR)

(C:\MiKTeX2.9\tex\latex\graphics\trig.sty
Package: trig 1999/03/16 v1.09 sin cos tan (DPC)
)
(C:\MiKTeX2.9\tex\latex\00miktex\graphics.cfg
File: graphics.cfg 2007/01/18 v1.5 graphics configuration of teTeX/TeXLive
)
Package graphics Info: Driver file: pdftex.def on input line 94.

(C:\MiKTeX2.9\tex\latex\pdftex-def\pdftex.def
File: pdftex.def 2011/05/27 v0.06d Graphics/color for pdfTeX

(C:\MiKTeX2.9\tex\generic\oberdiek\infwarerr.sty
Package: infwarerr 2010/04/08 v1.3 Providing info/warning/error messages (HO)
)
(C:\MiKTeX2.9\tex\generic\oberdiek\ltxcmds.sty
Package: ltxcmds 2011/11/09 v1.22 LaTeX kernel commands for general use (HO)
)
\Gread@gobject=\count87
))
\Gin@req@height=\dimen103
\Gin@req@width=\dimen104
)
(C:\MiKTeX2.9\tex\latex\amsmath\amsmath.sty
Package: amsmath 2013/01/14 v2.14 AMS math features
\@mathmargin=\skip43

For additional information on amsmath, use the `?' option.
(C:\MiKTeX2.9\tex\latex\amsmath\amstext.sty
Package: amstext 2000/06/29 v2.01

(C:\MiKTeX2.9\tex\latex\amsmath\amsgen.sty
File: amsgen.sty 1999/11/30 v2.0
\@emptytoks=\toks15
\ex@=\dimen105
))
(C:\MiKTeX2.9\tex\latex\amsmath\amsbsy.sty
Package: amsbsy 1999/11/29 v1.2d
\pmbraise@=\dimen106
)
(C:\MiKTeX2.9\tex\latex\amsmath\amsopn.sty
Package: amsopn 1999/12/14 v2.01 operator names
)
\inf@bad=\count88
LaTeX Info: Redefining \frac on input line 210.
\uproot@=\count89
\leftroot@=\count90
LaTeX Info: Redefining \overline on input line 306.
\classnum@=\count91
\DOTSCASE@=\count92
LaTeX Info: Redefining \ldots on input line 378.
LaTeX Info: Redefining \dots on input line 381.
LaTeX Info: Redefining \cdots on input line 466.
\Mathstrutbox@=\box26
\strutbox@=\box27
\big@size=\dimen107
LaTeX Font Info:    Redeclaring font encoding OML on input line 566.
LaTeX Font Info:    Redeclaring font encoding OMS on input line 567.
\macc@depth=\count93
\c@MaxMatrixCols=\count94
\dotsspace@=\muskip10
\c@parentequation=\count95
\dspbrk@lvl=\count96
\tag@help=\toks16
\row@=\count97
\column@=\count98
\maxfields@=\count99
\andhelp@=\toks17
\eqnshift@=\dimen108
\alignsep@=\dimen109
\tagshift@=\dimen110
\tagwidth@=\dimen111
\totwidth@=\dimen112
\lineht@=\dimen113
\@envbody=\toks18
\multlinegap=\skip44
\multlinetaggap=\skip45
\mathdisplay@stack=\toks19
LaTeX Info: Redefining \[ on input line 2665.
LaTeX Info: Redefining \] on input line 2666.
)
(C:\MiKTeX2.9\tex\latex\amsfonts\amssymb.sty
Package: amssymb 2013/01/14 v3.01 AMS font symbols

(C:\MiKTeX2.9\tex\latex\amsfonts\amsfonts.sty
Package: amsfonts 2013/01/14 v3.01 Basic AMSFonts support
\symAMSa=\mathgroup4
\symAMSb=\mathgroup5
LaTeX Font Info:    Overwriting math alphabet `\mathfrak' in version `bold'
(Font)                  U/euf/m/n --> U/euf/b/n on input line 106.
))
(C:\Users\aableson\AppData\Roaming\MiKTeX\2.9\tex\latex\subfigure\subfigure.sty
Package: subfigure 2002/07/30 v2.1.4 subfigure package
\subfigtopskip=\skip46
\subfigcapskip=\skip47
\subfigcaptopadj=\dimen114
\subfigbottomskip=\skip48
\subfigcapmargin=\dimen115
\subfiglabelskip=\skip49
\c@subfigure=\count100
\c@lofdepth=\count101
\c@subtable=\count102
\c@lotdepth=\count103
****************************************
* Local config file subfigure.cfg used *
****************************************

(C:\Users\aableson\AppData\Roaming\MiKTeX\2.9\tex\latex\subfigure\subfigure.cfg
)
\subfig@top=\skip50
\subfig@bottom=\skip51
) (C:\MiKTeX2.9\tex\latex\tools\enumerate.sty
Package: enumerate 2015/07/23 v3.00 enumerate extensions (DPC)
\@enLab=\toks20
)
(C:\Users\aableson\AppData\Roaming\MiKTeX\2.9\tex\latex\versions\versions.sty
Package: versions 2005/04/28 v0.55 ignore passages optionally (UL)

*** `comment' excluded. ***
) (C:\MiKTeX2.9\tex\latex\tools\multicol.sty
Package: multicol 2015/08/19 v1.8n multicolumn formatting (FMi)
\c@tracingmulticols=\count104
\mult@box=\box28
\multicol@leftmargin=\dimen116
\c@unbalance=\count105
\c@collectmore=\count106
\doublecol@number=\count107
\multicoltolerance=\count108
\multicolpretolerance=\count109
\full@width=\dimen117
\page@free=\dimen118
\premulticols=\dimen119
\postmulticols=\dimen120
\multicolsep=\skip52
\multicolbaselineskip=\skip53
\partial@page=\box29
\last@line=\box30
\maxbalancingoverflow=\dimen121
\mult@rightbox=\box31
\mult@grightbox=\box32
\mult@gfirstbox=\box33
\mult@firstbox=\box34
\@tempa=\box35
\@tempa=\box36
\@tempa=\box37
\@tempa=\box38
\@tempa=\box39
\@tempa=\box40
\@tempa=\box41
\@tempa=\box42
\@tempa=\box43
\@tempa=\box44
\@tempa=\box45
\@tempa=\box46
\@tempa=\box47
\@tempa=\box48
\@tempa=\box49
\@tempa=\box50
\@tempa=\box51
\c@columnbadness=\count110
\c@finalcolumnbadness=\count111
\last@try=\dimen122
\multicolovershoot=\dimen123
\multicolundershoot=\dimen124
\mult@nat@firstbox=\box52
\colbreak@box=\box53
\mc@col@check@num=\count112
)
(C:\MiKTeX2.9\tex\latex\multirow\multirow.sty
\bigstrutjot=\dimen125
)
(C:\Users\aableson\AppData\Roaming\MiKTeX\2.9\tex\latex\mdframed\mdframed.sty
Package: mdframed 2013/07/01 1.9b: mdframed

(C:\MiKTeX2.9\tex\latex\oberdiek\kvoptions.sty
Package: kvoptions 2011/06/30 v3.11 Key value format for package options (HO)

(C:\MiKTeX2.9\tex\generic\oberdiek\kvsetkeys.sty
Package: kvsetkeys 2012/04/25 v1.16 Key value parser (HO)

(C:\MiKTeX2.9\tex\generic\oberdiek\etexcmds.sty
Package: etexcmds 2011/02/16 v1.5 Avoid name clashes with e-TeX commands (HO)

(C:\MiKTeX2.9\tex\generic\oberdiek\ifluatex.sty
Package: ifluatex 2010/03/01 v1.3 Provides the ifluatex switch (HO)
Package ifluatex Info: LuaTeX not detected.
)
Package etexcmds Info: Could not find \expanded.
(etexcmds)             That can mean that you are not using pdfTeX 1.50 or
(etexcmds)             that some package has redefined \expanded.
(etexcmds)             In the latter case, load this package earlier.
)))
(C:\Users\aableson\AppData\Roaming\MiKTeX\2.9\tex\latex\l3packages\xparse\xpars
e.sty
(C:\Users\aableson\AppData\Roaming\MiKTeX\2.9\tex\latex\l3kernel\expl3.sty
Package: expl3 2016/01/19 v6377 L3 programming layer (loader) 

(C:\Users\aableson\AppData\Roaming\MiKTeX\2.9\tex\latex\l3kernel\expl3-code.tex
Package: expl3 2016/01/19 v6377 L3 programming layer (code)
L3 Module: l3bootstrap 2016/01/01 v6339 L3 Bootstrap code
L3 Module: l3names 2015/12/21 v6328 L3 Namespace for primitives
L3 Module: l3basics 2015/11/22 v6315 L3 Basic definitions
L3 Module: l3expan 2015/09/10 v5983 L3 Argument expansion
L3 Module: l3tl 2015/09/29 v6121 L3 Token lists
L3 Module: l3str 2016/01/03 v6357 L3 Strings
L3 Module: l3seq 2015/08/05 v5777 L3 Sequences and stacks
L3 Module: l3int 2016/01/05 v6366 L3 Integers
\c_max_int=\count113
\l_tmpa_int=\count114
\l_tmpb_int=\count115
\g_tmpa_int=\count116
\g_tmpb_int=\count117
L3 Module: l3quark 2015/08/17 v5855 L3 Quarks
L3 Module: l3prg 2015/11/01 v6216 L3 Control structures
\g__prg_map_int=\count118
L3 Module: l3clist 2015/09/02 v5901 L3 Comma separated lists
L3 Module: l3token 2015/11/11 v6249 L3 Experimental token manipulation
L3 Module: l3prop 2016/01/05 v6366 L3 Property lists
L3 Module: l3msg 2015/09/28 v6113 L3 Messages
L3 Module: l3file 2015/12/03 v6317 L3 File and I/O operations
\l_iow_line_count_int=\count119
\l__iow_target_count_int=\count120
\l__iow_current_line_int=\count121
\l__iow_current_word_int=\count122
\l__iow_current_indentation_int=\count123
L3 Module: l3skip 2016/01/05 v6366 L3 Dimensions and skips
\c_zero_dim=\dimen126
\c_max_dim=\dimen127
\l_tmpa_dim=\dimen128
\l_tmpb_dim=\dimen129
\g_tmpa_dim=\dimen130
\g_tmpb_dim=\dimen131
\c_zero_skip=\skip54
\c_max_skip=\skip55
\l_tmpa_skip=\skip56
\l_tmpb_skip=\skip57
\g_tmpa_skip=\skip58
\g_tmpb_skip=\skip59
\c_zero_muskip=\muskip11
\c_max_muskip=\muskip12
\l_tmpa_muskip=\muskip13
\l_tmpb_muskip=\muskip14
\g_tmpa_muskip=\muskip15
\g_tmpb_muskip=\muskip16
L3 Module: l3keys 2015/11/17 v6284 L3 Key-value interfaces
\g__keyval_level_int=\count124
\l_keys_choice_int=\count125
L3 Module: l3fp 2015/08/25 v5890 L3 Floating points
\c__fp_leading_shift_int=\count126
\c__fp_middle_shift_int=\count127
\c__fp_trailing_shift_int=\count128
\c__fp_big_leading_shift_int=\count129
\c__fp_big_middle_shift_int=\count130
\c__fp_big_trailing_shift_int=\count131
\c__fp_Bigg_leading_shift_int=\count132
\c__fp_Bigg_middle_shift_int=\count133
\c__fp_Bigg_trailing_shift_int=\count134
L3 Module: l3box 2015/08/09 v5822 L3 Experimental boxes
\c_empty_box=\box54
\l_tmpa_box=\box55
\l_tmpb_box=\box56
\g_tmpa_box=\box57
\g_tmpb_box=\box58
L3 Module: l3coffins 2015/08/06 v5789 L3 Coffin code layer
\l__coffin_internal_box=\box59
\l__coffin_internal_dim=\dimen132
\l__coffin_offset_x_dim=\dimen133
\l__coffin_offset_y_dim=\dimen134
\l__coffin_x_dim=\dimen135
\l__coffin_y_dim=\dimen136
\l__coffin_x_prime_dim=\dimen137
\l__coffin_y_prime_dim=\dimen138
\c_empty_coffin=\box60
\l__coffin_aligned_coffin=\box61
\l__coffin_aligned_internal_coffin=\box62
\l_tmpa_coffin=\box63
\l_tmpb_coffin=\box64
\l__coffin_display_coffin=\box65
\l__coffin_display_coord_coffin=\box66
\l__coffin_display_pole_coffin=\box67
\l__coffin_display_offset_dim=\dimen139
\l__coffin_display_x_dim=\dimen140
\l__coffin_display_y_dim=\dimen141
L3 Module: l3color 2014/08/23 v5354 L3 Experimental color support
L3 Module: l3sys 2015/09/25 v6087 L3 Experimental system/runtime functions
L3 Module: l3candidates 2016/01/14 v6376 L3 Experimental additions to l3kernel
\l__box_top_dim=\dimen142
\l__box_bottom_dim=\dimen143
\l__box_left_dim=\dimen144
\l__box_right_dim=\dimen145
\l__box_top_new_dim=\dimen146
\l__box_bottom_new_dim=\dimen147
\l__box_left_new_dim=\dimen148
\l__box_right_new_dim=\dimen149
\l__box_internal_box=\box68
\l__coffin_bounding_shift_dim=\dimen150
\l__coffin_left_corner_dim=\dimen151
\l__coffin_right_corner_dim=\dimen152
\l__coffin_bottom_corner_dim=\dimen153
\l__coffin_top_corner_dim=\dimen154
\l__coffin_scaled_total_height_dim=\dimen155
\l__coffin_scaled_width_dim=\dimen156
L3 Module: l3luatex 2015/11/11 v6250 L3 Experimental LuaTeX-specific functions
)
(C:\Users\aableson\AppData\Roaming\MiKTeX\2.9\tex\latex\l3kernel\l3pdfmode.def
File: l3pdfmode.def 2015/11/11 v6250 L3 Experimental driver: PDF mode
\l__driver_color_stack_int=\count135
))
Package: xparse 2016/01/19 v6377 L3 Experimental document command parser
\l__xparse_current_arg_int=\count136
\l__xparse_m_args_int=\count137
\l__xparse_mandatory_args_int=\count138
\l__xparse_processor_int=\count139
\l__xparse_v_nesting_int=\count140
)
(C:\Users\aableson\AppData\Roaming\MiKTeX\2.9\tex\latex\etoolbox\etoolbox.sty
Package: etoolbox 2015/08/02 v2.2a e-TeX tools for LaTeX (JAW)
\etb@tempcnta=\count141
)
(C:\MiKTeX2.9\tex\latex\oberdiek\zref-abspage.sty
Package: zref-abspage 2012/04/04 v2.24 Module abspage for zref (HO)

(C:\MiKTeX2.9\tex\latex\oberdiek\zref-base.sty
Package: zref-base 2012/04/04 v2.24 Module base for zref (HO)

(C:\MiKTeX2.9\tex\generic\oberdiek\kvdefinekeys.sty
Package: kvdefinekeys 2011/04/07 v1.3 Define keys (HO)
)
(C:\MiKTeX2.9\tex\generic\oberdiek\pdftexcmds.sty
Package: pdftexcmds 2011/11/29 v0.20 Utility functions of pdfTeX for LuaTeX (HO
)

(C:\MiKTeX2.9\tex\generic\oberdiek\ifpdf.sty
Package: ifpdf 2011/01/30 v2.3 Provides the ifpdf switch (HO)
Package ifpdf Info: pdfTeX in PDF mode is detected.
)
Package pdftexcmds Info: LuaTeX not detected.
Package pdftexcmds Info: \pdf@primitive is available.
Package pdftexcmds Info: \pdf@ifprimitive is available.
Package pdftexcmds Info: \pdfdraftmode found.
)
(C:\MiKTeX2.9\tex\latex\oberdiek\auxhook.sty
Package: auxhook 2011/03/04 v1.3 Hooks for auxiliary files (HO)
)
Package zref Info: New property list: main on input line 759.
Package zref Info: New property: default on input line 760.
Package zref Info: New property: page on input line 761.
)
(C:\MiKTeX2.9\tex\generic\oberdiek\atbegshi.sty
Package: atbegshi 2011/10/05 v1.16 At begin shipout hook (HO)
)
\c@abspage=\count142
Package zref Info: New property: abspage on input line 62.
)
(C:\Users\aableson\AppData\Roaming\MiKTeX\2.9\tex\latex\needspace\needspace.sty
Package: needspace 2010/09/12 v1.3d reserve vertical space
) (C:\MiKTeX2.9\tex\latex\graphics\color.sty
Package: color 2014/10/28 v1.1a Standard LaTeX Color (DPC)

(C:\MiKTeX2.9\tex\latex\00miktex\color.cfg
File: color.cfg 2007/01/18 v1.5 color configuration of teTeX/TeXLive
)
Package color Info: Driver file: pdftex.def on input line 142.
)
\mdf@templength=\skip60
\c@mdf@globalstyle@cnt=\count143
\mdf@skipabove@length=\skip61
\mdf@skipbelow@length=\skip62
\mdf@leftmargin@length=\skip63
\mdf@rightmargin@length=\skip64
\mdf@innerleftmargin@length=\skip65
\mdf@innerrightmargin@length=\skip66
\mdf@innertopmargin@length=\skip67
\mdf@innerbottommargin@length=\skip68
\mdf@splittopskip@length=\skip69
\mdf@splitbottomskip@length=\skip70
\mdf@outermargin@length=\skip71
\mdf@innermargin@length=\skip72
\mdf@linewidth@length=\skip73
\mdf@innerlinewidth@length=\skip74
\mdf@middlelinewidth@length=\skip75
\mdf@outerlinewidth@length=\skip76
\mdf@roundcorner@length=\skip77
\mdf@footenotedistance@length=\skip78
\mdf@userdefinedwidth@length=\skip79
\mdf@needspace@length=\skip80
\mdf@frametitleaboveskip@length=\skip81
\mdf@frametitlebelowskip@length=\skip82
\mdf@frametitlerulewidth@length=\skip83
\mdf@frametitleleftmargin@length=\skip84
\mdf@frametitlerightmargin@length=\skip85
\mdf@shadowsize@length=\skip86
\mdf@extratopheight@length=\skip87
\mdf@subtitleabovelinewidth@length=\skip88
\mdf@subtitlebelowlinewidth@length=\skip89
\mdf@subtitleaboveskip@length=\skip90
\mdf@subtitlebelowskip@length=\skip91
\mdf@subtitleinneraboveskip@length=\skip92
\mdf@subtitleinnerbelowskip@length=\skip93
\mdf@subsubtitleabovelinewidth@length=\skip94
\mdf@subsubtitlebelowlinewidth@length=\skip95
\mdf@subsubtitleaboveskip@length=\skip96
\mdf@subsubtitlebelowskip@length=\skip97
\mdf@subsubtitleinneraboveskip@length=\skip98
\mdf@subsubtitleinnerbelowskip@length=\skip99

(C:\Users\aableson\AppData\Roaming\MiKTeX\2.9\tex\latex\mdframed\md-frame-0.mdf
File: md-frame-0.mdf 2013/07/01\ 1.9b: md-frame-0
)
\mdf@frametitlebox=\box69
\mdf@footnotebox=\box70
\mdf@splitbox@one=\box71
\mdf@splitbox@two=\box72
\mdf@splitbox@save=\box73
\mdfsplitboxwidth=\skip100
\mdfsplitboxtotalwidth=\skip101
\mdfsplitboxheight=\skip102
\mdfsplitboxdepth=\skip103
\mdfsplitboxtotalheight=\skip104
\mdfframetitleboxwidth=\skip105
\mdfframetitleboxtotalwidth=\skip106
\mdfframetitleboxheight=\skip107
\mdfframetitleboxdepth=\skip108
\mdfframetitleboxtotalheight=\skip109
\mdffootnoteboxwidth=\skip110
\mdffootnoteboxtotalwidth=\skip111
\mdffootnoteboxheight=\skip112
\mdffootnoteboxdepth=\skip113
\mdffootnoteboxtotalheight=\skip114
\mdftotallinewidth=\skip115
\mdfboundingboxwidth=\skip116
\mdfboundingboxtotalwidth=\skip117
\mdfboundingboxheight=\skip118
\mdfboundingboxdepth=\skip119
\mdfboundingboxtotalheight=\skip120
\mdf@freevspace@length=\skip121
\mdf@horizontalwidthofbox@length=\skip122
\mdf@verticalmarginwhole@length=\skip123
\mdf@horizontalspaceofbox=\skip124
\mdfsubtitleheight=\skip125
\mdfsubsubtitleheight=\skip126
\c@mdfcountframes=\count144

****** mdframed patching \endmdf@trivlist

****** -- success******

.................................................
. LaTeX info: "xparse/define-command"
. 
. Defining command \newmdtheoremenv with sig. 'O{} m o m o ' on line 601.
.................................................
.................................................
. LaTeX info: "xparse/define-command"
. 
. Defining command \mdtheorem with sig. ' O{} m o m o ' on line 701.
.................................................
\mdf@envdepth=\count145
\c@mdf@env@i=\count146
\c@mdf@env@ii=\count147
\c@mdf@zref@counter=\count148
Package zref Info: New property: mdf@pagevalue on input line 895.
) (C:\MiKTeX2.9\tex\latex\oberdiek\epstopdf.sty
Package: epstopdf 2010/02/09 v2.5 Conversion with epstopdf on the fly (HO)

(C:\MiKTeX2.9\tex\latex\oberdiek\epstopdf-base.sty
Package: epstopdf-base 2010/02/09 v2.5 Base part for package epstopdf

(C:\MiKTeX2.9\tex\latex\oberdiek\grfext.sty
Package: grfext 2010/08/19 v1.1 Manage graphics extensions (HO)
)
Package grfext Info: Graphics extension search list:
(grfext)             [.png,.pdf,.jpg,.mps,.jpeg,.jbig2,.jb2,.PNG,.PDF,.JPG,.JPE
G,.JBIG2,.JB2,.eps]
(grfext)             \AppendGraphicsExtensions on input line 452.
))
(C:\MiKTeX2.9\tex\latex\pstricks\pstricks.sty
Package: pstricks 2015/11/14 v0.62 LaTeX wrapper for `PSTricks' (RN,HV)

(C:\Users\aableson\AppData\Roaming\MiKTeX\2.9\tex\latex\xcolor\xcolor.sty
Package: xcolor 2007/01/21 v2.11 LaTeX color extensions (UK)

(C:\MiKTeX2.9\tex\latex\00miktex\color.cfg
File: color.cfg 2007/01/18 v1.5 color configuration of teTeX/TeXLive
)
Package xcolor Info: Driver file: pdftex.def on input line 225.
LaTeX Info: Redefining \color on input line 702.
Package xcolor Info: Model `cmy' substituted by `cmy0' on input line 1337.
Package xcolor Info: Model `hsb' substituted by `rgb' on input line 1341.
Package xcolor Info: Model `RGB' extended on input line 1353.
Package xcolor Info: Model `HTML' substituted by `rgb' on input line 1355.
Package xcolor Info: Model `Hsb' substituted by `hsb' on input line 1356.
Package xcolor Info: Model `tHsb' substituted by `hsb' on input line 1357.
Package xcolor Info: Model `HSB' substituted by `hsb' on input line 1358.
Package xcolor Info: Model `Gray' substituted by `gray' on input line 1359.
Package xcolor Info: Model `wave' substituted by `hsb' on input line 1360.
)
(C:\MiKTeX2.9\tex\generic\pstricks\base\pstricks.tex
(C:\MiKTeX2.9\tex\generic\xkeyval\pst-xkey.tex
File: pst-xkey.tex 2005/11/25 v1.6 PSTricks specialization of xkeyval (HA)

(C:\MiKTeX2.9\tex\latex\xkeyval\xkeyval.sty
Package: xkeyval 2014/12/03 v2.7a package option processing (HA)

(C:\MiKTeX2.9\tex\generic\xkeyval\xkeyval.tex
(C:\MiKTeX2.9\tex\generic\xkeyval\xkvutils.tex
\XKV@toks=\toks21
\XKV@tempa@toks=\toks22
)
\XKV@depth=\count149
File: xkeyval.tex 2014/12/03 v2.7a key=value parser (HA)
)))
(C:\MiKTeX2.9\tex\generic\pstricks\base\pst-fp.tex
`pst-fp' v0.05, 2010/01/17 (hv)
\pstFP@xs=\count150
\pstFP@xia=\count151
\pstFP@xib=\count152
\pstFP@xfa=\count153
\pstFP@xfb=\count154
\pstFP@rega=\count155
\pstFP@regb=\count156
\pstFP@regs=\count157
\pstFP@times=\count158
)
(C:\Users\aableson\AppData\Roaming\MiKTeX\2.9\tex\generic\pgf\utilities\pgfutil
-common.tex
\pgfutil@everybye=\toks23
\pgfutil@tempdima=\dimen157
\pgfutil@tempdimb=\dimen158

(C:\Users\aableson\AppData\Roaming\MiKTeX\2.9\tex\generic\pgf\utilities\pgfutil
-common-lists.tex))
(C:\Users\aableson\AppData\Roaming\MiKTeX\2.9\tex\generic\pgf\utilities\pgfkeys
.code.tex
\pgfkeys@pathtoks=\toks24
\pgfkeys@temptoks=\toks25

(C:\Users\aableson\AppData\Roaming\MiKTeX\2.9\tex\generic\pgf\utilities\pgfkeys
filtered.code.tex
\pgfkeys@tmptoks=\toks26
))
(C:\Users\aableson\AppData\Roaming\MiKTeX\2.9\tex\generic\pgf\utilities\pgffor.
code.tex
(C:\Users\aableson\AppData\Roaming\MiKTeX\2.9\tex\generic\pgf\math\pgfmath.code
.tex
(C:\Users\aableson\AppData\Roaming\MiKTeX\2.9\tex\generic\pgf\math\pgfmathcalc.
code.tex
(C:\Users\aableson\AppData\Roaming\MiKTeX\2.9\tex\generic\pgf\math\pgfmathutil.
code.tex
\pgf@x=\dimen159
\pgf@xa=\dimen160
\pgf@xb=\dimen161
\pgf@xc=\dimen162
\pgf@y=\dimen163
\pgf@ya=\dimen164
\pgf@yb=\dimen165
\pgf@yc=\dimen166
\c@pgf@counta=\count159
\c@pgf@countb=\count160
\c@pgf@countc=\count161
\c@pgf@countd=\count162
\pgfutil@tempcnta=\count163
\pgfutil@tempcntb=\count164
)
(C:\Users\aableson\AppData\Roaming\MiKTeX\2.9\tex\generic\pgf\math\pgfmathparse
r.code.tex
\pgfmath@dimen=\dimen167
\pgfmath@count=\count165
\pgfmath@box=\box74
\pgfmath@toks=\toks27
\pgfmath@stack@operand=\toks28
\pgfmath@stack@operation=\toks29
)
(C:\Users\aableson\AppData\Roaming\MiKTeX\2.9\tex\generic\pgf\math\pgfmathfunct
ions.code.tex
(C:\Users\aableson\AppData\Roaming\MiKTeX\2.9\tex\generic\pgf\math\pgfmathfunct
ions.basic.code.tex)
(C:\Users\aableson\AppData\Roaming\MiKTeX\2.9\tex\generic\pgf\math\pgfmathfunct
ions.trigonometric.code.tex)
(C:\Users\aableson\AppData\Roaming\MiKTeX\2.9\tex\generic\pgf\math\pgfmathfunct
ions.random.code.tex)
(C:\Users\aableson\AppData\Roaming\MiKTeX\2.9\tex\generic\pgf\math\pgfmathfunct
ions.comparison.code.tex)
(C:\Users\aableson\AppData\Roaming\MiKTeX\2.9\tex\generic\pgf\math\pgfmathfunct
ions.base.code.tex)
(C:\Users\aableson\AppData\Roaming\MiKTeX\2.9\tex\generic\pgf\math\pgfmathfunct
ions.round.code.tex)
(C:\Users\aableson\AppData\Roaming\MiKTeX\2.9\tex\generic\pgf\math\pgfmathfunct
ions.misc.code.tex)
(C:\Users\aableson\AppData\Roaming\MiKTeX\2.9\tex\generic\pgf\math\pgfmathfunct
ions.integerarithmetics.code.tex)))
(C:\Users\aableson\AppData\Roaming\MiKTeX\2.9\tex\generic\pgf\math\pgfmathfloat
.code.tex
\c@pgfmathroundto@lastzeros=\count166
))
\pgffor@iter=\dimen168
\pgffor@skip=\dimen169
\pgffor@stack=\toks30
\pgffor@toks=\toks31
)
\psLoopIndex=\count167

`PSTricks' v2.64b  <2015/14/11> (tvz)
\pst@dima=\dimen170
\pst@dimb=\dimen171
\pst@dimc=\dimen172
\pst@dimd=\dimen173
\pst@dimg=\dimen174
\pst@dimh=\dimen175
\pst@dimm=\dimen176
\pst@dimn=\dimen177
\pst@dimo=\dimen178
\pst@dimp=\dimen179
\pst@hbox=\box75
\pst@ibox=\box76
\pst@boxg=\box77
\pst@cnta=\count168
\pst@cntb=\count169
\pst@cntc=\count170
\pst@cntd=\count171
\pst@cntg=\count172
\pst@cnth=\count173
\pst@cntm=\count174
\pst@cntn=\count175
\pst@cnto=\count176
\pst@cntp=\count177
\@zero=\count178
\pst@toks=\toks32
(C:\MiKTeX2.9\tex\generic\pstricks\base\pstricks.con)
\psunit=\dimen180
\psxunit=\dimen181
\psyunit=\dimen182
\pst@C@@rType=\count179
\pslinewidth=\dimen183
\psk@startLW=\dimen184
\psk@endLW=\dimen185
\pst@customdefs=\toks33
\pslinearc=\dimen186
\pst@symbolStep=\dimen187
\pst@symbolWidth=\dimen188
\pst@symbolLinewidth=\dimen189
\everypsbox=\toks34
\psframesep=\dimen190
\pslabelsep=\dimen191
\sh@wgridXunit=\dimen192
\sh@wgridYunit=\dimen193
\pst@shift=\dimen194
)
File: pstricks.tex 2015/14/11 v2.64b `PSTricks' (tvz,hv)

(C:\MiKTeX2.9\tex\generic\pstricks\base\pst-fp.tex)
File: pst-fp.tex 2015/14/11 v2.64b `PST-fp' (hv)
)
(C:\Users\aableson\AppData\Roaming\MiKTeX\2.9\tex\latex\auto-pst-pdf\auto-pst-p
df.sty
Package: auto-pst-pdf 2009/04/26 v0.6 Wrapper for pst-pdf

(C:\Users\aableson\AppData\Roaming\MiKTeX\2.9\tex\latex\ifplatform\ifplatform.s
ty
Package: ifplatform 2010/10/22 v0.4 Testing for the operating system
 (C:\MiKTeX2.9\tex\generic\oberdiek\catchfile.sty
Package: catchfile 2011/03/01 v1.6 Catch the contents of a file (HO)
))
\c@app@runs=\count180
runsystem(echo " ")...executed.

runsystem(echo "-------------------------------------------------")...executed.

runsystem(echo "auto-pst-pdf: Auxiliary LaTeX compilation")...executed.

runsystem(echo "-------------------------------------------------")...executed.

runsystem(del "week04-autopp.log")...executed.

runsystem(latex -disable-write18 -jobname="week04-autopp" -interaction=batchmod
e  "\let \APPmakepictures \empty \input  week04.tex")...executed.



Package auto-pst-pdf Warning: 
    Creation of week04-autopp.dvi failed.
This warning occured on input line 124.


Package auto-pst-pdf Warning: 
    Could not create week04-pics.pdf. Auxiliary files not deleted.
This warning occured on input line 124.

runsystem(echo "-------------------------------------------------")...executed.

runsystem(echo "auto-pst-pdf: End auxiliary LaTeX compilation")...executed.

runsystem(echo "-------------------------------------------------")...executed.

(C:\Users\aableson\AppData\Roaming\MiKTeX\2.9\tex\latex\pst-pdf\pst-pdf.sty
Package: pst-pdf 2008/10/09 v1.1v PS graphics for pdfLaTeX (RN,HjG)
\c@pspicture=\count181
Package pst-pdf Info: MODE: 1 (pdfTeX mode) on input line 214.
\ppf@output=\toks35

(C:\Users\aableson\AppData\Roaming\MiKTeX\2.9\tex\latex\preview\preview.sty
Package: preview 2010/02/14 11.89 (AUCTeX/preview-latex)
\pr@snippet=\count182
\pr@box=\box78
\pr@output=\toks36
)
(C:\MiKTeX2.9\tex\latex\graphics\dvips.def
File: dvips.def 2014/10/14 v3.0j Driver-dependent file (DPC,SPQR)
)
(C:\Users\aableson\AppData\Roaming\MiKTeX\2.9\tex\latex\environ\environ.sty
Package: environ 2014/05/04 v0.3 A new way to define environments

(C:\Users\aableson\AppData\Roaming\MiKTeX\2.9\tex\latex\trimspaces\trimspaces.s
ty
Package: trimspaces 2009/09/17 v1.1 Trim spaces around a token list
)))) (C:\MiKTeX2.9\tex\latex\pstricks\pst-all.sty
Package: pst-all 2008/01/01 the main pstricks tools

(C:\Users\aableson\AppData\Roaming\MiKTeX\2.9\tex\latex\pst-plot\pst-plot.sty
Package: pst-plot 2011/06/05 v1.00 LaTeX wrapper for `pst-plot' (HV)

(C:\MiKTeX2.9\tex\latex\xkeyval\pst-xkey.sty
Package: pst-xkey 2005/11/25 v1.6 package wrapper for pst-xkey.tex (HA)
)
(C:\Users\aableson\AppData\Roaming\MiKTeX\2.9\tex\latex\multido\multido.sty
Package: multido 2004/05/17 package wrapper for PSTricks `multido.tex', (HV/RN)


(C:\Users\aableson\AppData\Roaming\MiKTeX\2.9\tex\generic\multido\multido.tex
 v1.42, 2010/05/14 <tvz>
\multido@count=\count183
\multidocount=\count184
\multido@stuff=\toks37
)
File: multido.tex 2010/05/14 v1.42 `multido' (tvz,hv)
)
Package: pst-plot 2011/04/13 package wrapper for pst-plot.tex (hv)

(C:\Users\aableson\AppData\Roaming\MiKTeX\2.9\tex\generic\pst-plot\pst-plot.tex

(C:\Users\aableson\AppData\Roaming\MiKTeX\2.9\tex\generic\pst-tools\pst-tools.t
ex `PST-tools' v0.05, 2014/05/12 (hv))  v1.70, 2014/08/23 (tvz,hv)
\pstRadUnit=\dimen195
\pstRadUnitInv=\dimen196
\pst@linecnt=\count185
\RCD@file=\read1
\psxlabelsep=\dimen197
\psylabelsep=\dimen198
\psk@subticksize=\dimen199
\pst@xticksizeA=\dimen256
\pst@xticksizeB=\dimen257
\pst@xticksizeC=\dimen258
\pst@yticksizeA=\dimen259
\pst@yticksizeB=\dimen260
\pst@yticksizeC=\dimen261
\@digitcounter=\count186
\psk@llx=\dimen262
\psk@lly=\dimen263
\psk@urx=\dimen264
\psk@ury=\dimen265
\pst@xunit=\dimen266
\pst@yunit=\dimen267
)
File: pst-plot.tex 2014/08/23 1.70 `pst-plot' (tvz,hv)
)
(C:\Users\aableson\AppData\Roaming\MiKTeX\2.9\tex\latex\pst-node\pst-node.sty
Package: pst-node 2012/09/18 v1.01 LaTeX wrapper for `pst-node' (HV)
Package: pst-node 2010/04/22 package wrapper for pst-node.tex

(C:\Users\aableson\AppData\Roaming\MiKTeX\2.9\tex\generic\pst-node\pst-node.tex
 v1.35, 2014/08/04
\psrow=\count187
\pscol=\count188
\psmatrixcnt=\count189
\psrowsep=\skip127
\pscolsep=\skip128
\pst@args=\count190
\num@pts=\count191
\pst@argcnt=\count192
)
File: pst-node.tex 2014/08/04 1.35 `pst-node' (tvz,hv)
)
(C:\Users\aableson\AppData\Roaming\MiKTeX\2.9\tex\latex\pst-tree\pst-tree.sty
Package: pst-tree 2009/01/25 package wrapper for pst-tree.tex

(C:\Users\aableson\AppData\Roaming\MiKTeX\2.9\tex\generic\pst-tree\pst-tree.tex
 v1.12, 2011/02/28(tvz,dg,hv)
\pstree@rootbox=\box79
\pstree@box=\box80
\psnodecnt=\count193
\pstreelevel=\count194
\pstreecnt=\count195
\pstree@cnt=\count196
\pstree@stop=\count197
)
File: pst-tree.tex 2011/02/28 1.12 `pst-tree' (tvz,hv)
)
(C:\Users\aableson\AppData\Roaming\MiKTeX\2.9\tex\latex\pst-grad\pst-grad.sty
Package: pst-grad 2004/07/15 package wrapper for pst-grad.tex (hv)

(C:\Users\aableson\AppData\Roaming\MiKTeX\2.9\tex\generic\pst-grad\pst-grad.tex
`pst-grad' v1.06, 2006/11/27 (tvz,dg,hv))
File: pst-grad.tex 2006/11/27 1.06 `pst-grad' (tvz)
)
(C:\Users\aableson\AppData\Roaming\MiKTeX\2.9\tex\latex\pst-coil\pst-coil.sty
Package: pst-coil 2010/02/01 package wrapper for pst-coil.tex (hv)

(C:\Users\aableson\AppData\Roaming\MiKTeX\2.9\tex\generic\pst-coil\pst-coil.tex
 v1.06, 2006/11/27
(C:\Users\aableson\AppData\Roaming\MiKTeX\2.9\tex\generic\pst-node\pst-node.tex
))
File: pst-coil.tex 2015/05/13 v1.07 `PST-coil' (tvz,hv)
)
(C:\Users\aableson\AppData\Roaming\MiKTeX\2.9\tex\latex\pst-text\pst-text.sty
Package: pst-text 2006/01/01 package wrapper for pst-text.tex (hv)

(C:\Users\aableson\AppData\Roaming\MiKTeX\2.9\tex\generic\pst-text\pst-text.tex
 v1.00, 2006/11/05(tvz,hv))
File: pst-text.tex 2006/11/05 1.00 `pst-text' (tvz)
)
(C:\Users\aableson\AppData\Roaming\MiKTeX\2.9\tex\latex\pst-3d\pst-3d.sty
Package: pst-3d 2009/07/28 package wrapper for pst-3d.tex (hv)

(C:\Users\aableson\AppData\Roaming\MiKTeX\2.9\tex\generic\pst-3d\pst-3d.tex
`PST-3d' v1.11, 2010/02/14 (tvz))
File: pst-3d.tex 2010/02/14 v1.11 `PST-3d' (hv)
)
(C:\Users\aableson\AppData\Roaming\MiKTeX\2.9\tex\latex\pst-eps\pst-eps.sty
Package: pst-eps 2005/05/20 package wrapper for pst-eps.tex (hv)

(C:\Users\aableson\AppData\Roaming\MiKTeX\2.9\tex\generic\pst-eps\pst-eps.tex
 v1.00, 2006/11/04
\pst@epsout=\write3
\pst@tempout=\write4
)
File: pst-eps.tex 2006/11/04 1.00 `pst-eps' (tvz)
)
(C:\Users\aableson\AppData\Roaming\MiKTeX\2.9\tex\latex\pst-fill\pst-fill.sty
Package: pst-fill 2005/09/13 package wrapper for pst-fill.tex (hv)

(C:\Users\aableson\AppData\Roaming\MiKTeX\2.9\tex\generic\pst-fill\pst-fill.tex
`PST-Fill' v1.01, 2007/03/10 (tvz,dg,hv)
\pst@fillbox=\box81
)
File: pst-fill.tex 2007/03/10 v1.01 `PST-fill' (tvz,dg)
)
(C:\Users\aableson\AppData\Roaming\MiKTeX\2.9\tex\latex\pstricks-add\pstricks-a
dd.sty
(C:\Users\aableson\AppData\Roaming\MiKTeX\2.9\tex\latex\pst-math\pst-math.sty
Package: pst-math 2014/07/30 package wrapper for PSTricks pst-math.tex

(C:\Users\aableson\AppData\Roaming\MiKTeX\2.9\tex\generic\pst-math\pst-math.tex
`pst-math' v0.63 , (CJ,hv))
File: pst-math.tex 2014/07/30 v0.63 `PST-math' (hv)
)
Package: pstricks-add 2010/02/11 v. 0.14 package wrapper for pstricks-add.tex (
hv)

(C:\Users\aableson\AppData\Roaming\MiKTeX\2.9\tex\generic\pstricks-add\pstricks
-add.tex `pstricks-add' v3.79, 2016/02/09 (dr,hv)
\psparallelogramsep=\dimen268
\pshooklength=\dimen269
\pshookwidth=\dimen270
\pst@cntC=\count198
\chart@ColorIndex=\dimen271
\chart@ColorStep=\dimen272
\pst@chartHeight=\dimen273
\pst@chartStackDepth=\dimen274
\pst@chartStackWidth=\dimen275
\chart@Toggle=\count199
\psVectorCtr=\count266
)
File: pstricks-add.tex 2016/02/09 v3.79 `PSTricks-add' (hv)
Package pstricks-add Info: Local config file pstricks-add.cfg used on input lin
e 20.

(C:\Users\aableson\AppData\Roaming\MiKTeX\2.9\tex\latex\pstricks-add\pstricks-a
dd.cfg
File: pstricks-add.cfg 2005/01/10 v0.1 addtional user stuff (hv)
)))
(C:\Users\aableson\AppData\Roaming\MiKTeX\2.9\tex\latex\pst-ode\pst-ode.sty
(C:\Users\aableson\AppData\Roaming\MiKTeX\2.9\tex\generic\pst-ode\pst-ode.tex
`pst-ode' v0.7, 2014/10/20 (ag))
Package: pst-ode 2014/10/20 v0.7 package wrapper for pst-ode.tex (ag)
File: pst-ode.tex 2014/10/20 v0.7 `pst-ode' (ag)
) (C:\MiKTeX2.9\tex\latex\hyperref\hyperref.sty
Package: hyperref 2012/11/06 v6.83m Hypertext links for LaTeX
(C:\MiKTeX2.9\tex\generic\oberdiek\hobsub-hyperref.sty
Package: hobsub-hyperref 2012/04/25 v1.12 Bundle oberdiek, subset hyperref (HO)


(C:\MiKTeX2.9\tex\generic\oberdiek\hobsub-generic.sty
Package: hobsub-generic 2012/04/25 v1.12 Bundle oberdiek, subset generic (HO)
Package: hobsub 2012/04/25 v1.12 Construct package bundles (HO)
Package hobsub Info: Skipping package `infwarerr' (already loaded).
Package hobsub Info: Skipping package `ltxcmds' (already loaded).
Package hobsub Info: Skipping package `ifluatex' (already loaded).
Package: ifvtex 2010/03/01 v1.5 Detect VTeX and its facilities (HO)
Package ifvtex Info: VTeX not detected.
Package: intcalc 2007/09/27 v1.1 Expandable calculations with integers (HO)
Package hobsub Info: Skipping package `ifpdf' (already loaded).
Package hobsub Info: Skipping package `etexcmds' (already loaded).
Package hobsub Info: Skipping package `kvsetkeys' (already loaded).
Package hobsub Info: Skipping package `kvdefinekeys' (already loaded).
Package hobsub Info: Skipping package `pdftexcmds' (already loaded).
Package: pdfescape 2011/11/25 v1.13 Implements pdfTeX's escape features (HO)
Package: bigintcalc 2012/04/08 v1.3 Expandable calculations on big integers (HO
)
Package: bitset 2011/01/30 v1.1 Handle bit-vector datatype (HO)
Package: uniquecounter 2011/01/30 v1.2 Provide unlimited unique counter (HO)
)
Package hobsub Info: Skipping package `hobsub' (already loaded).
Package: letltxmacro 2010/09/02 v1.4 Let assignment for LaTeX macros (HO)
Package: hopatch 2011/06/24 v1.1 Wrapper for package hooks (HO)
Package: xcolor-patch 2011/01/30 xcolor patch
Package: atveryend 2011/06/30 v1.8 Hooks at the very end of document (HO)
Package hobsub Info: Skipping package `atbegshi' (already loaded).
Package: refcount 2011/10/16 v3.4 Data extraction from label references (HO)
Package: hycolor 2011/01/30 v1.7 Color options for hyperref/bookmark (HO)
)
(C:\MiKTeX2.9\tex\generic\ifxetex\ifxetex.sty
Package: ifxetex 2010/09/12 v0.6 Provides ifxetex conditional
)
\@linkdim=\dimen276
\Hy@linkcounter=\count267
\Hy@pagecounter=\count268

(C:\MiKTeX2.9\tex\latex\hyperref\pd1enc.def
File: pd1enc.def 2012/11/06 v6.83m Hyperref: PDFDocEncoding definition (HO)
)
\Hy@SavedSpaceFactor=\count269

(C:\MiKTeX2.9\tex\latex\00miktex\hyperref.cfg
File: hyperref.cfg 2002/06/06 v1.2 hyperref configuration of TeXLive
)
Package hyperref Info: Hyper figures OFF on input line 4443.
Package hyperref Info: Link nesting OFF on input line 4448.
Package hyperref Info: Hyper index ON on input line 4451.
Package hyperref Info: Plain pages OFF on input line 4458.
Package hyperref Info: Backreferencing OFF on input line 4463.
Package hyperref Info: Implicit mode ON; LaTeX internals redefined.
Package hyperref Info: Bookmarks ON on input line 4688.
\c@Hy@tempcnt=\count270

(C:\Users\aableson\AppData\Roaming\MiKTeX\2.9\tex\latex\url\url.sty
\Urlmuskip=\muskip17
Package: url 2013/09/16  ver 3.4  Verb mode for urls, etc.
)
LaTeX Info: Redefining \url on input line 5041.
\XeTeXLinkMargin=\dimen277
\Fld@menulength=\count271
\Field@Width=\dimen278
\Fld@charsize=\dimen279
Package hyperref Info: Hyper figures OFF on input line 6295.
Package hyperref Info: Link nesting OFF on input line 6300.
Package hyperref Info: Hyper index ON on input line 6303.
Package hyperref Info: backreferencing OFF on input line 6310.
Package hyperref Info: Link coloring OFF on input line 6315.
Package hyperref Info: Link coloring with OCG OFF on input line 6320.
Package hyperref Info: PDF/A mode OFF on input line 6325.
LaTeX Info: Redefining \ref on input line 6365.
LaTeX Info: Redefining \pageref on input line 6369.
\Hy@abspage=\count272
\c@Item=\count273
\c@Hfootnote=\count274
)

Package hyperref Message: Driver (autodetected): hpdftex.

(C:\MiKTeX2.9\tex\latex\hyperref\hpdftex.def
File: hpdftex.def 2012/11/06 v6.83m Hyperref driver for pdfTeX
\HyAnn@Count=\count275
\Fld@listcount=\count276
\c@bookmark@seq@number=\count277

(C:\MiKTeX2.9\tex\latex\oberdiek\rerunfilecheck.sty
Package: rerunfilecheck 2011/04/15 v1.7 Rerun checks for auxiliary files (HO)
Package uniquecounter Info: New unique counter `rerunfilecheck' on input line 2
82.
)
\Hy@SectionHShift=\skip129
)
(C:\Users\aableson\AppData\Roaming\MiKTeX\2.9\tex\latex\listings\listings.sty
\lst@mode=\count278
\lst@gtempboxa=\box82
\lst@token=\toks38
\lst@length=\count279
\lst@currlwidth=\dimen280
\lst@column=\count280
\lst@pos=\count281
\lst@lostspace=\dimen281
\lst@width=\dimen282
\lst@newlines=\count282
\lst@lineno=\count283
\lst@maxwidth=\dimen283

(C:\Users\aableson\AppData\Roaming\MiKTeX\2.9\tex\latex\listings\lstmisc.sty
File: lstmisc.sty 2015/06/04 1.6 (Carsten Heinz)
\c@lstnumber=\count284
\lst@skipnumbers=\count285
\lst@framebox=\box83
)
(C:\Users\aableson\AppData\Roaming\MiKTeX\2.9\tex\latex\listings\listings.cfg
File: listings.cfg 2015/06/04 1.6 listings configuration
))
Package: listings 2015/06/04 1.6 (Carsten Heinz)
(C:\Users\aableson\AppData\Roaming\MiKTeX\2.9\tex\latex\listings\lstlang1.sty
File: lstlang1.sty 2015/06/04 1.6 listings language file
)
(DocumentFormat.tex
*** `Question' included. ***
*** `Solution' included. ***
)) (../WeekTitles.tex) (week04.aux)
\openout1 = `week04.aux'.

LaTeX Font Info:    Checking defaults for OML/cmm/m/it on input line 4.
LaTeX Font Info:    ... okay on input line 4.
LaTeX Font Info:    Checking defaults for T1/cmr/m/n on input line 4.
LaTeX Font Info:    ... okay on input line 4.
LaTeX Font Info:    Checking defaults for OT1/cmr/m/n on input line 4.
LaTeX Font Info:    ... okay on input line 4.
LaTeX Font Info:    Checking defaults for OMS/cmsy/m/n on input line 4.
LaTeX Font Info:    ... okay on input line 4.
LaTeX Font Info:    Checking defaults for OMX/cmex/m/n on input line 4.
LaTeX Font Info:    ... okay on input line 4.
LaTeX Font Info:    Checking defaults for U/cmr/m/n on input line 4.
LaTeX Font Info:    ... okay on input line 4.
LaTeX Font Info:    Checking defaults for PD1/pdf/m/n on input line 4.
LaTeX Font Info:    ... okay on input line 4.

(C:\Users\aableson\AppData\Roaming\MiKTeX\2.9\tex\context\base\supp-pdf.mkii
[Loading MPS to PDF converter (version 2006.09.02).]
\scratchcounter=\count286
\scratchdimen=\dimen284
\scratchbox=\box84
\nofMPsegments=\count287
\nofMParguments=\count288
\everyMPshowfont=\toks39
\MPscratchCnt=\count289
\MPscratchDim=\dimen285
\MPnumerator=\count290
\makeMPintoPDFobject=\count291
\everyMPtoPDFconversion=\toks40
)
\AtBeginShipoutBox=\box85

Preview: Fontsize 10pt
Preview: PDFoutput 1
Package hyperref Info: Link coloring OFF on input line 4.
(C:\MiKTeX2.9\tex\latex\hyperref\nameref.sty
Package: nameref 2012/10/27 v2.43 Cross-referencing by name of section

(C:\MiKTeX2.9\tex\generic\oberdiek\gettitlestring.sty
Package: gettitlestring 2010/12/03 v1.4 Cleanup title references (HO)
)
\c@section@level=\count292
)
LaTeX Info: Redefining \ref on input line 4.
LaTeX Info: Redefining \pageref on input line 4.
LaTeX Info: Redefining \nameref on input line 4.
 (week04.out)
(week04.out)
\@outlinefile=\write5
\openout5 = `week04.out'.

\c@lstlisting=\count293
LaTeX Font Info:    Try loading font information for U+msa on input line 18.
 (C:\MiKTeX2.9\tex\latex\amsfonts\umsa.fd
File: umsa.fd 2013/01/14 v3.01 AMS symbols A
)
LaTeX Font Info:    Try loading font information for U+msb on input line 18.

(C:\MiKTeX2.9\tex\latex\amsfonts\umsb.fd
File: umsb.fd 2013/01/14 v3.01 AMS symbols B
)
<graphics/Week04_DistanceAndVelocity/Velocity_1.png, id=3, 187.45032pt x 114.42
75pt>
File: graphics/Week04_DistanceAndVelocity/Velocity_1.png Graphic file (type png
)
 <use graphics/Week04_DistanceAndVelocity/Velocity_1.png>
Package pdftex.def Info: graphics/Week04_DistanceAndVelocity/Velocity_1.png use
d on input line 22.
(pdftex.def)             Requested size: 144.1956pt x 88.02737pt.

<graphics/Week04_DistanceAndVelocity/Velocity_2.png, id=5, 194.22563pt x 98.618
44pt>
File: graphics/Week04_DistanceAndVelocity/Velocity_2.png Graphic file (type png
)
 <use graphics/Week04_DistanceAndVelocity/Velocity_2.png>
Package pdftex.def Info: graphics/Week04_DistanceAndVelocity/Velocity_2.png use
d on input line 46.
(pdftex.def)             Requested size: 144.1956pt x 73.21725pt.

Underfull \hbox (badness 6725) in paragraph at lines 76--77
[]\OT1/cmr/m/n/10 If we di-vide the time in-ter-val into
 []


Underfull \hbox (badness 5316) in paragraph at lines 76--77
$\OML/cmm/m/it/10 n \OT1/cmr/m/n/10 = 4$ sub-intervals, what is $\OML/cmm/m/it
/10 t$\OT1/cmr/m/n/10 ?
 []


Underfull \hbox (badness 10000) in paragraph at lines 86--90

 []


Underfull \hbox (badness 6725) in paragraph at lines 118--121
[]\OT1/cmr/m/n/10 If we di-vide the time in-ter-val into
 []


Underfull \hbox (badness 6526) in paragraph at lines 118--121
$\OML/cmm/m/it/10 n \OT1/cmr/m/n/10 = 4$ subin-ter-vals, what is $\OML/cmm/m/i
t/10 t$\OT1/cmr/m/n/10 ?
 []

[1


Non-PDF special ignored!
Non-PDF special ignored!
Non-PDF special ignored!{C:/Users/aableson/AppData/Local/MiKTeX/2.9/pdftex/conf
ig/pdftex.map} <./graphics/Week04_DistanceAndVelocity/Velocity_1.png> <./graphi
cs/Week04_DistanceAndVelocity/Velocity_2.png>]
<graphics/Week04_DistanceAndVelocity/ParticleVelocity1.png, id=38, 112.16907pt 
x 61.73062pt>
File: graphics/Week04_DistanceAndVelocity/ParticleVelocity1.png Graphic file (t
ype png)
 <use graphics/Week04_DistanceAndVelocity/ParticleVelocity1.png>
Package pdftex.def Info: graphics/Week04_DistanceAndVelocity/ParticleVelocity1.
png used on input line 215.
(pdftex.def)             Requested size: 82.39659pt x 45.34743pt.

Underfull \hbox (badness 10000) in paragraph at lines 223--224

 []


<graphics/Week04_DistanceAndVelocity/ParticleVelocity2.png, id=39, 140.77594pt 
x 80.55093pt>
File: graphics/Week04_DistanceAndVelocity/ParticleVelocity2.png Graphic file (t
ype png)
 <use graphics/Week04_DistanceAndVelocity/ParticleVelocity2.png>
Package pdftex.def Info: graphics/Week04_DistanceAndVelocity/ParticleVelocity2.
png used on input line 226.
(pdftex.def)             Requested size: 82.39659pt x 47.1473pt.

[2]
Underfull \hbox (badness 10000) in paragraph at lines 241--242

 []


<graphics/Week04_DistanceAndVelocity/ParticleVelocity3.png, id=59, 141.52875pt 
x 94.85437pt>
File: graphics/Week04_DistanceAndVelocity/ParticleVelocity3.png Graphic file (t
ype png)
 <use graphics/Week04_DistanceAndVelocity/ParticleVelocity3.png>
Package pdftex.def Info: graphics/Week04_DistanceAndVelocity/ParticleVelocity3.
png used on input line 243.
(pdftex.def)             Requested size: 82.39659pt x 55.22398pt.

<graphics/Week04_DistanceAndVelocity/ParticleVelocity4.png, id=60, 141.52875pt 
x 89.58469pt>
File: graphics/Week04_DistanceAndVelocity/ParticleVelocity4.png Graphic file (t
ype png)
 <use graphics/Week04_DistanceAndVelocity/ParticleVelocity4.png>
Package pdftex.def Info: graphics/Week04_DistanceAndVelocity/ParticleVelocity4.
png used on input line 257.
(pdftex.def)             Requested size: 82.39659pt x 52.15598pt.

<graphics/Week04_DistanceAndVelocity/graph_car_decel.png, id=61, 317.988pt x 24
1.3818pt>
File: graphics/Week04_DistanceAndVelocity/graph_car_decel.png Graphic file (typ
e png)
 <use graphics/Week04_DistanceAndVelocity/graph_car_decel.png>
Package pdftex.def Info: graphics/Week04_DistanceAndVelocity/graph_car_decel.pn
g used on input line 292.
(pdftex.def)             Requested size: 172.41852pt x 130.88197pt.

Overfull \hbox (5.86691pt too wide) in paragraph at lines 307--313
 [] 
 []

[3 <./graphics/Week04_DistanceAndVelocity/graph_car_decel.png> <./graphics/Week
04_DistanceAndVelocity/ParticleVelocity1.png> <./graphics/Week04_DistanceAndVel
ocity/ParticleVelocity2.png> <./graphics/Week04_DistanceAndVelocity/ParticleVel
ocity3.png> <./graphics/Week04_DistanceAndVelocity/ParticleVelocity4.png>]
<graphics/Week04_DistanceAndVelocity/ChangeInPosition_2.png, id=83, 321.45094pt
 x 189.70876pt>
File: graphics/Week04_DistanceAndVelocity/ChangeInPosition_2.png Graphic file (
type png)

<use graphics/Week04_DistanceAndVelocity/ChangeInPosition_2.png>
Package pdftex.def Info: graphics/Week04_DistanceAndVelocity/ChangeInPosition_2
.png used on input line 365.
(pdftex.def)             Requested size: 153.82048pt x 90.78127pt.

<graphics/Week04_DistanceAndVelocity/CarVelocity1.png, id=84, 240.14719pt x 151
.3153pt>
File: graphics/Week04_DistanceAndVelocity/CarVelocity1.png Graphic file (type p
ng)
 <use graphics/Week04_DistanceAndVelocity/CarVelocity1.png>
Package pdftex.def Info: graphics/Week04_DistanceAndVelocity/CarVelocity1.png u
sed on input line 393.
(pdftex.def)             Requested size: 144.1956pt x 90.85683pt.

<graphics/Week04_DistanceAndVelocity/CarVelocity2.png, id=85, 233.37187pt x 121
.95563pt>
File: graphics/Week04_DistanceAndVelocity/CarVelocity2.png Graphic file (type p
ng)
 <use graphics/Week04_DistanceAndVelocity/CarVelocity2.png>
Package pdftex.def Info: graphics/Week04_DistanceAndVelocity/CarVelocity2.png u
sed on input line 417.
(pdftex.def)             Requested size: 144.1956pt x 75.35675pt.
 [4 <./graphics/Week04_DistanceAndVelocity/ChangeInPosition_2.png> <./graphics/
Week04_DistanceAndVelocity/CarVelocity1.png>]
<graphics/Week04_TheDefiniteIntegral/DefiniteIntegral1.png, id=112, 152.06813pt
 x 100.87688pt>
File: graphics/Week04_TheDefiniteIntegral/DefiniteIntegral1.png Graphic file (t
ype png)

<use graphics/Week04_TheDefiniteIntegral/DefiniteIntegral1.png>
Package pdftex.def Info: graphics/Week04_TheDefiniteIntegral/DefiniteIntegral1.
png used on input line 456.
(pdftex.def)             Requested size: 82.39659pt x 54.66048pt.

<graphics/Week04_TheDefiniteIntegral/DefiniteIntegral2.png, id=113, 143.78719pt
 x 125.71968pt>
File: graphics/Week04_TheDefiniteIntegral/DefiniteIntegral2.png Graphic file (t
ype png)

<use graphics/Week04_TheDefiniteIntegral/DefiniteIntegral2.png>
Package pdftex.def Info: graphics/Week04_TheDefiniteIntegral/DefiniteIntegral2.
png used on input line 472.
(pdftex.def)             Requested size: 102.99731pt x 90.0577pt.

<graphics/Week04_TheDefiniteIntegral/DefiniteIntegral2_solutions1.png, id=114, 
273.27094pt x 235.63031pt>
File: graphics/Week04_TheDefiniteIntegral/DefiniteIntegral2_solutions1.png Grap
hic file (type png)

<use graphics/Week04_TheDefiniteIntegral/DefiniteIntegral2_solutions1.png>
Package pdftex.def Info: graphics/Week04_TheDefiniteIntegral/DefiniteIntegral2_
solutions1.png used on input line 483.
(pdftex.def)             Requested size: 95.00748pt x 81.92174pt.

<graphics/Week04_TheDefiniteIntegral/DefiniteIntegral2_solutions2.png, id=115, 
268.75406pt x 250.68657pt>
File: graphics/Week04_TheDefiniteIntegral/DefiniteIntegral2_solutions2.png Grap
hic file (type png)

<use graphics/Week04_TheDefiniteIntegral/DefiniteIntegral2_solutions2.png>
Package pdftex.def Info: graphics/Week04_TheDefiniteIntegral/DefiniteIntegral2_
solutions2.png used on input line 484.
(pdftex.def)             Requested size: 95.00748pt x 88.62138pt.

<graphics/Week04_TheDefiniteIntegral/DefiniteIntegral2_solutions3.png, id=116, 
301.8778pt x 274.77657pt>
File: graphics/Week04_TheDefiniteIntegral/DefiniteIntegral2_solutions3.png Grap
hic file (type png)

<use graphics/Week04_TheDefiniteIntegral/DefiniteIntegral2_solutions3.png>
Package pdftex.def Info: graphics/Week04_TheDefiniteIntegral/DefiniteIntegral2_
solutions3.png used on input line 492.
(pdftex.def)             Requested size: 95.00748pt x 86.4754pt.

<graphics/Week04_TheDefiniteIntegral/DefiniteIntegral2_solutions4.png, id=117, 
310.15875pt x 279.29344pt>
File: graphics/Week04_TheDefiniteIntegral/DefiniteIntegral2_solutions4.png Grap
hic file (type png)

<use graphics/Week04_TheDefiniteIntegral/DefiniteIntegral2_solutions4.png>
Package pdftex.def Info: graphics/Week04_TheDefiniteIntegral/DefiniteIntegral2_
solutions4.png used on input line 493.
(pdftex.def)             Requested size: 95.00748pt x 85.55301pt.

[5 <./graphics/Week04_DistanceAndVelocity/CarVelocity2.png> <./graphics/Week04_
TheDefiniteIntegral/DefiniteIntegral1.png> <./graphics/Week04_TheDefiniteIntegr
al/DefiniteIntegral2.png> <./graphics/Week04_TheDefiniteIntegral/DefiniteIntegr
al2_solutions1.png> <./graphics/Week04_TheDefiniteIntegral/DefiniteIntegral2_so
lutions2.png>]
<graphics/Week04_TheDefiniteIntegral/DefiniteIntegral3.png, id=147, 155.07938pt
 x 127.22531pt>
File: graphics/Week04_TheDefiniteIntegral/DefiniteIntegral3.png Graphic file (t
ype png)

<use graphics/Week04_TheDefiniteIntegral/DefiniteIntegral3.png>
Package pdftex.def Info: graphics/Week04_TheDefiniteIntegral/DefiniteIntegral3.
png used on input line 507.
(pdftex.def)             Requested size: 123.59802pt x 101.39793pt.

<graphics/Week04_TheDefiniteIntegral/DefiniteIntegral4.png, id=148, 140.02313pt
 x 151.3153pt>
File: graphics/Week04_TheDefiniteIntegral/DefiniteIntegral4.png Graphic file (t
ype png)
 <use graphics/Week04_TheDefiniteIntegral/DefiniteIntegral4.png>
Package pdftex.def Info: graphics/Week04_TheDefiniteIntegral/DefiniteIntegral4.
png used on input line 536.
(pdftex.def)             Requested size: 123.59802pt x 133.57115pt.

<graphics/Week04_TheDefiniteIntegral/Ln_solutions.png, id=149, 627.09282pt x 16
0.34906pt>
File: graphics/Week04_TheDefiniteIntegral/Ln_solutions.png Graphic file (type p
ng)
 <use graphics/Week04_TheDefiniteIntegral/Ln_solutions.png>
Package pdftex.def Info: graphics/Week04_TheDefiniteIntegral/Ln_solutions.png u
sed on input line 561.
(pdftex.def)             Requested size: 197.76872pt x 50.56894pt.

Underfull \hbox (badness 10000) in paragraph at lines 560--562

 []

[6 <./graphics/Week04_TheDefiniteIntegral/DefiniteIntegral2_solutions3.png> <./
graphics/Week04_TheDefiniteIntegral/DefiniteIntegral2_solutions4.png> <./graphi
cs/Week04_TheDefiniteIntegral/DefiniteIntegral3.png> <./graphics/Week04_TheDefi
niteIntegral/DefiniteIntegral4.png> <./graphics/Week04_TheDefiniteIntegral/Ln_s
olutions.png>]
Overfull \hbox (2.38449pt too wide) in paragraph at lines 626--628
[]\OT1/cmr/m/n/10 Without com-pu-ta-tion, de-cide if $[][] \OML/cmm/m/it/10 e[]
 [] x []dx$
 []


<graphics/Week04_TheDefiniteIntegral/ExpSin_solutions.png, id=172, 365.86688pt 
x 292.09125pt>
File: graphics/Week04_TheDefiniteIntegral/ExpSin_solutions.png Graphic file (ty
pe png)
 <use graphics/Week04_TheDefiniteIntegral/ExpSin_solutions.png>
Package pdftex.def Info: graphics/Week04_TheDefiniteIntegral/ExpSin_solutions.p
ng used on input line 632.
(pdftex.def)             Requested size: 142.51485pt x 113.77695pt.

Underfull \hbox (badness 10000) in paragraph at lines 632--633

 []


<graphics/Week04_TheDefiniteIntegral/Piecewise_solutions.png, id=173, 473.51906
pt x 133.24782pt>
File: graphics/Week04_TheDefiniteIntegral/Piecewise_solutions.png Graphic file 
(type png)

<use graphics/Week04_TheDefiniteIntegral/Piecewise_solutions.png>
Package pdftex.def Info: graphics/Week04_TheDefiniteIntegral/Piecewise_solution
s.png used on input line 660.
(pdftex.def)             Requested size: 197.76872pt x 55.65057pt.

Underfull \hbox (badness 10000) in paragraph at lines 659--661

 []


<graphics/Week04_TheDefiniteIntegral/DefiniteIntegral5.png, id=174, 155.07938pt
 x 100.12407pt>
File: graphics/Week04_TheDefiniteIntegral/DefiniteIntegral5.png Graphic file (t
ype png)

<use graphics/Week04_TheDefiniteIntegral/DefiniteIntegral5.png>
Package pdftex.def Info: graphics/Week04_TheDefiniteIntegral/DefiniteIntegral5.
png used on input line 685.
(pdftex.def)             Requested size: 123.59802pt x 79.79837pt.
 [7 <./graphics/Week04_TheDefiniteIntegral/ExpSin_solutions.png> <./graphics/We
ek04_TheDefiniteIntegral/Piecewise_solutions.png>]
<graphics/Week04_TheDefiniteIntegral/AbsValue_solutions.png, id=195, 250.68657p
t x 145.29282pt>
File: graphics/Week04_TheDefiniteIntegral/AbsValue_solutions.png Graphic file (
type png)

<use graphics/Week04_TheDefiniteIntegral/AbsValue_solutions.png>
Package pdftex.def Info: graphics/Week04_TheDefiniteIntegral/AbsValue_solutions
.png used on input line 701.
(pdftex.def)             Requested size: 131.84805pt x 76.41953pt.

Overfull \hbox (0.87721pt too wide) in paragraph at lines 709--713
[][] 
 []


<graphics/Week04_TheDefiniteIntegral/DefiniteIntegral6.png, id=196, 163.3603pt 
x 104.64093pt>
File: graphics/Week04_TheDefiniteIntegral/DefiniteIntegral6.png Graphic file (t
ype png)
 <use graphics/Week04_TheDefiniteIntegral/DefiniteIntegral6.png>
Package pdftex.def Info: graphics/Week04_TheDefiniteIntegral/DefiniteIntegral6.
png used on input line 714.
(pdftex.def)             Requested size: 123.59802pt x 79.17026pt.

<graphics/Week04_TheDefiniteIntegral/DefiniteIntegral7.png, id=197, 274.77657pt
 x 66.2475pt>
File: graphics/Week04_TheDefiniteIntegral/DefiniteIntegral7.png Graphic file (t
ype png)
 <use graphics/Week04_TheDefiniteIntegral/DefiniteIntegral7.png>
Package pdftex.def Info: graphics/Week04_TheDefiniteIntegral/DefiniteIntegral7.
png used on input line 735.
(pdftex.def)             Requested size: 185.3939pt x 44.69894pt.

Overfull \hbox (3.35257pt too wide) in paragraph at lines 748--748
[] 
 []

[8 <./graphics/Week04_TheDefiniteIntegral/DefiniteIntegral5.png> <./graphics/We
ek04_TheDefiniteIntegral/AbsValue_solutions.png> <./graphics/Week04_TheDefinite
Integral/DefiniteIntegral6.png> <./graphics/Week04_TheDefiniteIntegral/Definite
Integral7.png>]
<graphics/Week04_TheDefiniteIntegral/Methods1_solutions1.png, id=223, 528.47438
pt x 189.70876pt>
File: graphics/Week04_TheDefiniteIntegral/Methods1_solutions1.png Graphic file 
(type png)

<use graphics/Week04_TheDefiniteIntegral/Methods1_solutions1.png>
Package pdftex.def Info: graphics/Week04_TheDefiniteIntegral/Methods1_solutions
1.png used on input line 805.
(pdftex.def)             Requested size: 193.96878pt x 69.62956pt.

<graphics/Week04_TheDefiniteIntegral/Methods1_solutions2.png, id=224, 532.99126
pt x 188.20313pt>
File: graphics/Week04_TheDefiniteIntegral/Methods1_solutions2.png Graphic file 
(type png)

<use graphics/Week04_TheDefiniteIntegral/Methods1_solutions2.png>
Package pdftex.def Info: graphics/Week04_TheDefiniteIntegral/Methods1_solutions
2.png used on input line 831.
(pdftex.def)             Requested size: 193.96878pt x 68.4911pt.

Underfull \hbox (badness 10000) in paragraph at lines 830--835
[]
 []


Overfull \hbox (4.15619pt too wide) in paragraph at lines 888--894
[]
 []


Underfull \hbox (badness 10000) in paragraph at lines 888--894

 []

[9 <./graphics/Week04_TheDefiniteIntegral/Methods1_solutions1.png> <./graphics/
Week04_TheDefiniteIntegral/Methods1_solutions2.png>]
<graphics/Week04_TheDefiniteIntegral/Choice1.png, id=247, 123.46124pt x 110.663
44pt>
File: graphics/Week04_TheDefiniteIntegral/Choice1.png Graphic file (type png)
 <use graphics/Week04_TheDefiniteIntegral/Choice1.png>
Package pdftex.def Info: graphics/Week04_TheDefiniteIntegral/Choice1.png used o
n input line 915.
(pdftex.def)             Requested size: 82.39659pt x 73.85873pt.

Underfull \hbox (badness 10000) in paragraph at lines 924--925

 []


<graphics/Week04_TheDefiniteIntegral/Choice2.png, id=248, 122.70844pt x 109.157
8pt>
File: graphics/Week04_TheDefiniteIntegral/Choice2.png Graphic file (type png)
 <use graphics/Week04_TheDefiniteIntegral/Choice2.png>
Package pdftex.def Info: graphics/Week04_TheDefiniteIntegral/Choice2.png used o
n input line 926.
(pdftex.def)             Requested size: 82.39659pt x 73.30023pt.

Underfull \hbox (badness 10000) in paragraph at lines 935--936

 []


<graphics/Week04_TheDefiniteIntegral/Choice3.png, id=249, 128.73094pt x 116.685
94pt>
File: graphics/Week04_TheDefiniteIntegral/Choice3.png Graphic file (type png)
 <use graphics/Week04_TheDefiniteIntegral/Choice3.png>
Package pdftex.def Info: graphics/Week04_TheDefiniteIntegral/Choice3.png used o
n input line 937.
(pdftex.def)             Requested size: 82.39659pt x 74.68764pt.

<graphics/Week04_TheDefiniteIntegral/Choice4.png, id=250, 115.93312pt x 112.169
07pt>
File: graphics/Week04_TheDefiniteIntegral/Choice4.png Graphic file (type png)
 <use graphics/Week04_TheDefiniteIntegral/Choice4.png>
Package pdftex.def Info: graphics/Week04_TheDefiniteIntegral/Choice4.png used o
n input line 948.
(pdftex.def)             Requested size: 82.39659pt x 79.72273pt.

<graphics/Week04_TheDefiniteIntegral/Sine_solutions.png, id=251, 227.34938pt x 
150.5625pt>
File: graphics/Week04_TheDefiniteIntegral/Sine_solutions.png Graphic file (type
 png)
 <use graphics/Week04_TheDefiniteIntegral/Sine_solutions.png>
Package pdftex.def Info: graphics/Week04_TheDefiniteIntegral/Sine_solutions.png
 used on input line 992.
(pdftex.def)             Requested size: 131.84805pt x 87.31711pt.

<graphics/Week04_TheDefiniteIntegral/GolfHole.png, id=252, 343.2825pt x 136.259
06pt>
File: graphics/Week04_TheDefiniteIntegral/GolfHole.png Graphic file (type png)
 <use graphics/Week04_TheDefiniteIntegral/GolfHole.png>
Package pdftex.def Info: graphics/Week04_TheDefiniteIntegral/GolfHole.png used 
on input line 1019.
(pdftex.def)             Requested size: 185.3939pt x 73.5871pt.
 [10 <./graphics/Week04_TheDefiniteIntegral/Choice1.png> <./graphics/Week04_The
DefiniteIntegral/Choice2.png> <./graphics/Week04_TheDefiniteIntegral/Choice3.pn
g> <./graphics/Week04_TheDefiniteIntegral/Choice4.png> <./graphics/Week04_TheDe
finiteIntegral/Sine_solutions.png>]
Overfull \hbox (9.99544pt too wide) in paragraph at lines 1069--1069
[] 
 []


<graphics/Week04_DefiniteIntegralsInModeling/Coal.png, id=274, 274.77657pt x 18
4.43906pt>
File: graphics/Week04_DefiniteIntegralsInModeling/Coal.png Graphic file (type p
ng)
 <use graphics/Week04_DefiniteIntegralsInModeling/Coal.png>
Package pdftex.def Info: graphics/Week04_DefiniteIntegralsInModeling/Coal.png u
sed on input line 1095.
(pdftex.def)             Requested size: 164.79633pt x 110.61925pt.

<graphics/Week04_DefiniteIntegralsInModeling/Coal_solutions.png, id=275, 522.45
187pt x 184.43906pt>
File: graphics/Week04_DefiniteIntegralsInModeling/Coal_solutions.png Graphic fi
le (type png)

<use graphics/Week04_DefiniteIntegralsInModeling/Coal_solutions.png>
Package pdftex.def Info: graphics/Week04_DefiniteIntegralsInModeling/Coal_solut
ions.png used on input line 1101.
(pdftex.def)             Requested size: 219.74452pt x 77.57643pt.

Overfull \hbox (31.67654pt too wide) in paragraph at lines 1122--1126
[] [] 
 []

[11 <./graphics/Week04_TheDefiniteIntegral/GolfHole.png> <./graphics/Week04_Def
initeIntegralsInModeling/Coal.png> <./graphics/Week04_DefiniteIntegralsInModeli
ng/Coal_solutions.png>]
Overfull \hbox (27.38826pt too wide) detected at line 1142
[][] \OML/cmm/m/it/10 f\OT1/cmr/m/n/10 (\OML/cmm/m/it/10 t\OT1/cmr/m/n/10 ) []\
OML/cmm/m/it/10 dt \OMS/cmsy/m/n/10  [] \OT1/cmr/m/n/10 = 772\OML/cmm/m/it/10 
:\OT1/cmr/m/n/10 8[]
 []


Overfull \hbox (44.4225pt too wide) in paragraph at lines 1150--1156
[] 
 []


<graphics/Week04_DefiniteIntegralsInModeling/WaterTower2.png, id=296, 2028.5787
5pt x 1623.06375pt>
File: graphics/Week04_DefiniteIntegralsInModeling/WaterTower2.png Graphic file 
(type png)

<use graphics/Week04_DefiniteIntegralsInModeling/WaterTower2.png>
Package pdftex.def Info: graphics/Week04_DefiniteIntegralsInModeling/WaterTower
2.png used on input line 1180.
(pdftex.def)             Requested size: 164.79633pt x 131.85379pt.

<graphics/Week04_DefiniteIntegralsInModeling/WaterTower2_soln.png, id=297, 2028
.57875pt x 1623.06375pt>
File: graphics/Week04_DefiniteIntegralsInModeling/WaterTower2_soln.png Graphic 
file (type png)

<use graphics/Week04_DefiniteIntegralsInModeling/WaterTower2_soln.png>
Package pdftex.def Info: graphics/Week04_DefiniteIntegralsInModeling/WaterTower
2_soln.png used on input line 1194.
(pdftex.def)             Requested size: 190.01859pt x 152.01326pt.
 [12 <./graphics/Week04_DefiniteIntegralsInModeling/WaterTower2.png>]
<graphics/Week04_DefiniteIntegralsInModeling/LakeCyclist.png, id=315, 227.34938
pt x 121.20282pt>
File: graphics/Week04_DefiniteIntegralsInModeling/LakeCyclist.png Graphic file 
(type png)

<use graphics/Week04_DefiniteIntegralsInModeling/LakeCyclist.png>
Package pdftex.def Info: graphics/Week04_DefiniteIntegralsInModeling/LakeCyclis
t.png used on input line 1221.
(pdftex.def)             Requested size: 164.79633pt x 87.85591pt.

<graphics/Week04_DefiniteIntegralsInModeling/LakeCyclist_solutions.png, id=316,
 335.75438pt x 161.85469pt>
File: graphics/Week04_DefiniteIntegralsInModeling/LakeCyclist_solutions.png Gra
phic file (type png)

<use graphics/Week04_DefiniteIntegralsInModeling/LakeCyclist_solutions.png>
Package pdftex.def Info: graphics/Week04_DefiniteIntegralsInModeling/LakeCyclis
t_solutions.png used on input line 1228.
(pdftex.def)             Requested size: 237.52234pt x 114.50024pt.

<graphics/Week04_DefiniteIntegralsInModeling/HeightVelocity.png, id=317, 297.36
093pt x 246.1697pt>
File: graphics/Week04_DefiniteIntegralsInModeling/HeightVelocity.png Graphic fi
le (type png)

<use graphics/Week04_DefiniteIntegralsInModeling/HeightVelocity.png>
Package pdftex.def Info: graphics/Week04_DefiniteIntegralsInModeling/HeightVelo
city.png used on input line 1268.
(pdftex.def)             Requested size: 164.79633pt x 136.42294pt.
 [13 <./graphics/Week04_DefiniteIntegralsInModeling/WaterTower2_soln.png> <./gr
aphics/Week04_DefiniteIntegralsInModeling/LakeCyclist.png> <./graphics/Week04_D
efiniteIntegralsInModeling/LakeCyclist_solutions.png>]
Underfull \hbox (badness 5302) in paragraph at lines 1339--1340
[]$\OML/cmm/m/it/10 f\OT1/cmr/m/n/10 (\OML/cmm/m/it/10 x\OT1/cmr/m/n/10 )$ is e
ven, $[][] \OML/cmm/m/it/10 f\OT1/cmr/m/n/10 (\OML/cmm/m/it/10 x\OT1/cmr/m/n/10
 ) []\OML/cmm/m/it/10 dx \OT1/cmr/m/n/10 = 6$, and
 []

[14 <./graphics/Week04_DefiniteIntegralsInModeling/HeightVelocity.png>]
Underfull \hbox (badness 10000) in paragraph at lines 1394--1395

 []


<graphics/Week04_PropertiesOfDefiniteIntegrals/IntegralBound1_solutions.png, id
=347, 1409.265pt x 903.375pt>
File: graphics/Week04_PropertiesOfDefiniteIntegrals/IntegralBound1_solutions.pn
g Graphic file (type png)

<use graphics/Week04_PropertiesOfDefiniteIntegrals/IntegralBound1_solutions.png
>
Package pdftex.def Info: graphics/Week04_PropertiesOfDefiniteIntegrals/Integral
Bound1_solutions.png used on input line 1417.
(pdftex.def)             Requested size: 190.01859pt x 121.79874pt.

<graphics/Week04_PropertiesOfDefiniteIntegrals/EvenIntegral.png, id=348, 518.93
875pt x 488.82625pt>
File: graphics/Week04_PropertiesOfDefiniteIntegrals/EvenIntegral.png Graphic fi
le (type png)

<use graphics/Week04_PropertiesOfDefiniteIntegrals/EvenIntegral.png>
Package pdftex.def Info: graphics/Week04_PropertiesOfDefiniteIntegrals/EvenInte
gral.png used on input line 1446.
(pdftex.def)             Requested size: 82.39659pt x 77.60962pt.

<graphics/Week04_PropertiesOfDefiniteIntegrals/IntegralRanking.png, id=349, 739
.76375pt x 343.2825pt>
File: graphics/Week04_PropertiesOfDefiniteIntegrals/IntegralRanking.png Graphic
 file (type png)

<use graphics/Week04_PropertiesOfDefiniteIntegrals/IntegralRanking.png>
Package pdftex.def Info: graphics/Week04_PropertiesOfDefiniteIntegrals/Integral
Ranking.png used on input line 1464.
(pdftex.def)             Requested size: 123.59802pt x 57.35153pt.

Overfull \hbox (1.9502pt too wide) in paragraph at lines 1466--1476
[][]
 []


Underfull \hbox (badness 10000) in paragraph at lines 1466--1476

 []

[15 <./graphics/Week04_PropertiesOfDefiniteIntegrals/IntegralBound1_solutions.p
ng> <./graphics/Week04_PropertiesOfDefiniteIntegrals/EvenIntegral.png>]
<graphics/Week04_PropertiesOfDefiniteIntegrals/IntegralRanking_solutions.png, i
d=366, 1731.46875pt x 1015.795pt>
File: graphics/Week04_PropertiesOfDefiniteIntegrals/IntegralRanking_solutions.p
ng Graphic file (type png)

<use graphics/Week04_PropertiesOfDefiniteIntegrals/IntegralRanking_solutions.pn
g>
Package pdftex.def Info: graphics/Week04_PropertiesOfDefiniteIntegrals/Integral
Ranking_solutions.png used on input line 1481.
(pdftex.def)             Requested size: 190.01859pt x 111.47429pt.

<graphics/Week04_PropertiesOfDefiniteIntegrals/xexp_integral.png, id=367, 764.8
575pt x 463.7325pt>
File: graphics/Week04_PropertiesOfDefiniteIntegrals/xexp_integral.png Graphic f
ile (type png)

<use graphics/Week04_PropertiesOfDefiniteIntegrals/xexp_integral.png>
Package pdftex.def Info: graphics/Week04_PropertiesOfDefiniteIntegrals/xexp_int
egral.png used on input line 1505.
(pdftex.def)             Requested size: 94.1084pt x 57.0536pt.

Overfull \hbox (26.02646pt too wide) detected at line 1525
[] [][] \OML/cmm/m/it/10 xe[]dx \OT1/cmr/m/n/10 = [] = 0\OML/cmm/m/it/10 :
 []


<graphics/Week04_PropertiesOfDefiniteIntegrals/xexp_integral_solutions.png, id=
368, 1559.8275pt x 907.39pt>
File: graphics/Week04_PropertiesOfDefiniteIntegrals/xexp_integral_solutions.png
 Graphic file (type png)

<use graphics/Week04_PropertiesOfDefiniteIntegrals/xexp_integral_solutions.png>
Package pdftex.def Info: graphics/Week04_PropertiesOfDefiniteIntegrals/xexp_int
egral_solutions.png used on input line 1528.
(pdftex.def)             Requested size: 175.79628pt x 102.26389pt.

Overfull \vbox (51.33263pt too high) has occurred while \output is active []


[16 <./graphics/Week04_PropertiesOfDefiniteIntegrals/IntegralRanking.png> <./gr
aphics/Week04_PropertiesOfDefiniteIntegrals/IntegralRanking_solutions.png> <./g
raphics/Week04_PropertiesOfDefiniteIntegrals/xexp_integral.png> <./graphics/Wee
k04_PropertiesOfDefiniteIntegrals/xexp_integral_solutions.png>] [17] [18]
[19]
Package atveryend Info: Empty hook `BeforeClearDocument' on input line 1918.
 [20]
Package atveryend Info: Empty hook `AfterLastShipout' on input line 1918.
 (week04.aux)
Package atveryend Info: Executing hook `AtVeryEndDocument' on input line 1918.
Package atveryend Info: Executing hook `AtEndAfterFileList' on input line 1918.

Package rerunfilecheck Info: File `week04.out' has not changed.
(rerunfilecheck)             Checksum: D41D8CD98F00B204E9800998ECF8427E;0.
 ) 
Here is how much of TeX's memory you used:
 25727 strings out of 493634
 462730 string characters out of 3149836
 649242 words of memory out of 3000000
 28417 multiletter control sequences out of 15000+200000
 6598 words of font info for 26 fonts, out of 3000000 for 9000
 1025 hyphenation exceptions out of 8191
 46i,15n,72p,10457b,771s stack positions out of 5000i,500n,10000p,200000b,50000s
<C:/MiKTeX2.9/fonts/type1/public/amsfonts/cm/cmbx10.pfb><C:/MiKTeX2.9/fonts/t
ype1/public/amsfonts/cm/cmbx12.pfb><C:/MiKTeX2.9/fonts/type1/public/amsfonts/cm
/cmex10.pfb><C:/MiKTeX2.9/fonts/type1/public/amsfonts/cm/cmmi10.pfb><C:/MiKTeX2
.9/fonts/type1/public/amsfonts/cm/cmmi7.pfb><C:/MiKTeX2.9/fonts/type1/public/am
sfonts/cm/cmr10.pfb><C:/MiKTeX2.9/fonts/type1/public/amsfonts/cm/cmr5.pfb><C:/M
iKTeX2.9/fonts/type1/public/amsfonts/cm/cmr7.pfb><C:/MiKTeX2.9/fonts/type1/publ
ic/amsfonts/cm/cmsy10.pfb><C:/MiKTeX2.9/fonts/type1/public/amsfonts/cm/cmsy7.pf
b><C:/MiKTeX2.9/fonts/type1/public/amsfonts/cm/cmti10.pfb>
Output written on week04.pdf (20 pages, 1206534 bytes).
PDF statistics:
 520 PDF objects out of 1000 (max. 8388607)
 254 named destinations out of 1000 (max. 500000)
 237 words of extra memory for PDF output out of 10000 (max. 10000000)

