This is pdfTeX, Version 3.1415926-2.5-1.40.14 (MiKTeX 2.9) (preloaded format=pdflatex 2015.6.18)  19 JUN 2016 16:20
entering extended mode
**\input notes09.tex
(c:\Users\aableson\Documents\MNTCP01\Notes\notes09.tex
(c:\Users\aableson\Documents\MNTCP01\Notes\PreambleCommon.tex
("C:\Program Files (x86)\MiKTeX 2.9\tex\latex\base\article.cls"
Document Class: article 2007/10/19 v1.4h Standard LaTeX document class
("C:\Program Files (x86)\MiKTeX 2.9\tex\latex\base\size12.clo"
File: size12.clo 2007/10/19 v1.4h Standard LaTeX file (size option)
)
\c@part=\count79
\c@section=\count80
\c@subsection=\count81
\c@subsubsection=\count82
\c@paragraph=\count83
\c@subparagraph=\count84
\c@figure=\count85
\c@table=\count86
\abovecaptionskip=\skip41
\belowcaptionskip=\skip42
\bibindent=\dimen102
)
("C:\Program Files (x86)\MiKTeX 2.9\tex\latex\base\alltt.sty"
Package: alltt 1997/06/16 v2.0g defines alltt environment
)
(C:\Users\aableson\AppData\Roaming\MiKTeX\2.9\tex\latex\tocloft\tocloft.sty
Package: tocloft 2013/05/02 v2.3f parameterised ToC, etc., typesetting
Package tocloft Info: The document has section divisions on input line 44.
\cftparskip=\skip43
\cftbeforetoctitleskip=\skip44
\cftaftertoctitleskip=\skip45
\cftbeforepartskip=\skip46
\cftpartnumwidth=\skip47
\cftpartindent=\skip48
\cftbeforesecskip=\skip49
\cftsecindent=\skip50
\cftsecnumwidth=\skip51
\cftbeforesubsecskip=\skip52
\cftsubsecindent=\skip53
\cftsubsecnumwidth=\skip54
\cftbeforesubsubsecskip=\skip55
\cftsubsubsecindent=\skip56
\cftsubsubsecnumwidth=\skip57
\cftbeforeparaskip=\skip58
\cftparaindent=\skip59
\cftparanumwidth=\skip60
\cftbeforesubparaskip=\skip61
\cftsubparaindent=\skip62
\cftsubparanumwidth=\skip63
\cftbeforeloftitleskip=\skip64
\cftafterloftitleskip=\skip65
\cftbeforefigskip=\skip66
\cftfigindent=\skip67
\cftfignumwidth=\skip68
\c@lofdepth=\count87
\c@lotdepth=\count88
\cftbeforelottitleskip=\skip69
\cftafterlottitleskip=\skip70
\cftbeforetabskip=\skip71
\cfttabindent=\skip72
\cfttabnumwidth=\skip73
)
("C:\Program Files (x86)\MiKTeX 2.9\tex\latex\graphics\graphicx.sty"
Package: graphicx 1999/02/16 v1.0f Enhanced LaTeX Graphics (DPC,SPQR)

("C:\Program Files (x86)\MiKTeX 2.9\tex\latex\graphics\keyval.sty"
Package: keyval 1999/03/16 v1.13 key=value parser (DPC)
\KV@toks@=\toks14
)
("C:\Program Files (x86)\MiKTeX 2.9\tex\latex\graphics\graphics.sty"
Package: graphics 2009/02/05 v1.0o Standard LaTeX Graphics (DPC,SPQR)

("C:\Program Files (x86)\MiKTeX 2.9\tex\latex\graphics\trig.sty"
Package: trig 1999/03/16 v1.09 sin cos tan (DPC)
)
("C:\Program Files (x86)\MiKTeX 2.9\tex\latex\00miktex\graphics.cfg"
File: graphics.cfg 2007/01/18 v1.5 graphics configuration of teTeX/TeXLive
)
Package graphics Info: Driver file: pdftex.def on input line 91.

("C:\Program Files (x86)\MiKTeX 2.9\tex\latex\pdftex-def\pdftex.def"
File: pdftex.def 2011/05/27 v0.06d Graphics/color for pdfTeX

("C:\Program Files (x86)\MiKTeX 2.9\tex\generic\oberdiek\infwarerr.sty"
Package: infwarerr 2010/04/08 v1.3 Providing info/warning/error messages (HO)
)
("C:\Program Files (x86)\MiKTeX 2.9\tex\generic\oberdiek\ltxcmds.sty"
Package: ltxcmds 2011/11/09 v1.22 LaTeX kernel commands for general use (HO)
)
\Gread@gobject=\count89
))
\Gin@req@height=\dimen103
\Gin@req@width=\dimen104
)
("C:\Program Files (x86)\MiKTeX 2.9\tex\latex\graphics\lscape.sty"
Package: lscape 2000/10/22 v3.01 Landscape Pages (DPC)
)
("C:\Program Files (x86)\MiKTeX 2.9\tex\latex\amsfonts\amssymb.sty"
Package: amssymb 2013/01/14 v3.01 AMS font symbols

("C:\Program Files (x86)\MiKTeX 2.9\tex\latex\amsfonts\amsfonts.sty"
Package: amsfonts 2013/01/14 v3.01 Basic AMSFonts support
\@emptytoks=\toks15
\symAMSa=\mathgroup4
\symAMSb=\mathgroup5
LaTeX Font Info:    Overwriting math alphabet `\mathfrak' in version `bold'
(Font)                  U/euf/m/n --> U/euf/b/n on input line 106.
))
("C:\Program Files (x86)\MiKTeX 2.9\tex\latex\float\float.sty"
Package: float 2001/11/08 v1.3d Float enhancements (AL)
\c@float@type=\count90
\float@exts=\toks16
\float@box=\box26
\@float@everytoks=\toks17
\@floatcapt=\box27
)
("C:\Program Files (x86)\MiKTeX 2.9\tex\latex\amsmath\amsmath.sty"
Package: amsmath 2013/01/14 v2.14 AMS math features
\@mathmargin=\skip74

For additional information on amsmath, use the `?' option.
("C:\Program Files (x86)\MiKTeX 2.9\tex\latex\amsmath\amstext.sty"
Package: amstext 2000/06/29 v2.01

("C:\Program Files (x86)\MiKTeX 2.9\tex\latex\amsmath\amsgen.sty"
File: amsgen.sty 1999/11/30 v2.0
\@emptytoks=\toks18
\ex@=\dimen105
))
("C:\Program Files (x86)\MiKTeX 2.9\tex\latex\amsmath\amsbsy.sty"
Package: amsbsy 1999/11/29 v1.2d
\pmbraise@=\dimen106
)
("C:\Program Files (x86)\MiKTeX 2.9\tex\latex\amsmath\amsopn.sty"
Package: amsopn 1999/12/14 v2.01 operator names
)
\inf@bad=\count91
LaTeX Info: Redefining \frac on input line 210.
\uproot@=\count92
\leftroot@=\count93
LaTeX Info: Redefining \overline on input line 306.
\classnum@=\count94
\DOTSCASE@=\count95
LaTeX Info: Redefining \ldots on input line 378.
LaTeX Info: Redefining \dots on input line 381.
LaTeX Info: Redefining \cdots on input line 466.
\Mathstrutbox@=\box28
\strutbox@=\box29
\big@size=\dimen107
LaTeX Font Info:    Redeclaring font encoding OML on input line 566.
LaTeX Font Info:    Redeclaring font encoding OMS on input line 567.
\macc@depth=\count96
\c@MaxMatrixCols=\count97
\dotsspace@=\muskip10
\c@parentequation=\count98
\dspbrk@lvl=\count99
\tag@help=\toks19
\row@=\count100
\column@=\count101
\maxfields@=\count102
\andhelp@=\toks20
\eqnshift@=\dimen108
\alignsep@=\dimen109
\tagshift@=\dimen110
\tagwidth@=\dimen111
\totwidth@=\dimen112
\lineht@=\dimen113
\@envbody=\toks21
\multlinegap=\skip75
\multlinetaggap=\skip76
\mathdisplay@stack=\toks22
LaTeX Info: Redefining \[ on input line 2665.
LaTeX Info: Redefining \] on input line 2666.
)
(C:\Users\aableson\AppData\Roaming\MiKTeX\2.9\tex\latex\was\gensymb.sty
Package: gensymb 2003/07/02 v1.0 (WaS)
)
("C:\Program Files (x86)\MiKTeX 2.9\tex\latex\graphics\epsfig.sty"
Package: epsfig 1999/02/16 v1.7a (e)psfig emulation (SPQR)
\epsfxsize=\dimen114
\epsfysize=\dimen115
)
("C:\Program Files (x86)\MiKTeX 2.9\tex\latex\tools\enumerate.sty"
Package: enumerate 1999/03/05 v3.00 enumerate extensions (DPC)
\@enLab=\toks23
)
("C:\Program Files (x86)\MiKTeX 2.9\tex\latex\tools\multicol.sty"
Package: multicol 2011/06/27 v1.7a multicolumn formatting (FMi)
\c@tracingmulticols=\count103
\mult@box=\box30
\multicol@leftmargin=\dimen116
\c@unbalance=\count104
\c@collectmore=\count105
\doublecol@number=\count106
\multicoltolerance=\count107
\multicolpretolerance=\count108
\full@width=\dimen117
\page@free=\dimen118
\premulticols=\dimen119
\postmulticols=\dimen120
\multicolsep=\skip77
\multicolbaselineskip=\skip78
\partial@page=\box31
\last@line=\box32
\mult@rightbox=\box33
\mult@grightbox=\box34
\mult@gfirstbox=\box35
\mult@firstbox=\box36
\@tempa=\box37
\@tempa=\box38
\@tempa=\box39
\@tempa=\box40
\@tempa=\box41
\@tempa=\box42
\@tempa=\box43
\@tempa=\box44
\@tempa=\box45
\@tempa=\box46
\@tempa=\box47
\@tempa=\box48
\@tempa=\box49
\@tempa=\box50
\@tempa=\box51
\@tempa=\box52
\@tempa=\box53
\c@columnbadness=\count109
\c@finalcolumnbadness=\count110
\last@try=\dimen121
\multicolovershoot=\dimen122
\multicolundershoot=\dimen123
\mult@nat@firstbox=\box54
\colbreak@box=\box55
\multicol@sort@counter=\count111
)
(C:\Users\aableson\AppData\Roaming\MiKTeX\2.9\tex\latex\fancyhdr\fancyhdr.sty
\fancy@headwidth=\skip79
\f@ncyO@elh=\skip80
\f@ncyO@erh=\skip81
\f@ncyO@olh=\skip82
\f@ncyO@orh=\skip83
\f@ncyO@elf=\skip84
\f@ncyO@erf=\skip85
\f@ncyO@olf=\skip86
\f@ncyO@orf=\skip87
)
("C:\Program Files (x86)\MiKTeX 2.9\tex\latex\oberdiek\epstopdf.sty"
Package: epstopdf 2010/02/09 v2.5 Conversion with epstopdf on the fly (HO)

("C:\Program Files (x86)\MiKTeX 2.9\tex\latex\oberdiek\epstopdf-base.sty"
Package: epstopdf-base 2010/02/09 v2.5 Base part for package epstopdf

("C:\Program Files (x86)\MiKTeX 2.9\tex\latex\oberdiek\grfext.sty"
Package: grfext 2010/08/19 v1.1 Manage graphics extensions (HO)

("C:\Program Files (x86)\MiKTeX 2.9\tex\generic\oberdiek\kvdefinekeys.sty"
Package: kvdefinekeys 2011/04/07 v1.3 Define keys (HO)
))
("C:\Program Files (x86)\MiKTeX 2.9\tex\latex\oberdiek\kvoptions.sty"
Package: kvoptions 2011/06/30 v3.11 Key value format for package options (HO)

("C:\Program Files (x86)\MiKTeX 2.9\tex\generic\oberdiek\kvsetkeys.sty"
Package: kvsetkeys 2012/04/25 v1.16 Key value parser (HO)

("C:\Program Files (x86)\MiKTeX 2.9\tex\generic\oberdiek\etexcmds.sty"
Package: etexcmds 2011/02/16 v1.5 Avoid name clashes with e-TeX commands (HO)

("C:\Program Files (x86)\MiKTeX 2.9\tex\generic\oberdiek\ifluatex.sty"
Package: ifluatex 2010/03/01 v1.3 Provides the ifluatex switch (HO)
Package ifluatex Info: LuaTeX not detected.
)
Package etexcmds Info: Could not find \expanded.
(etexcmds)             That can mean that you are not using pdfTeX 1.50 or
(etexcmds)             that some package has redefined \expanded.
(etexcmds)             In the latter case, load this package earlier.
)))
("C:\Program Files (x86)\MiKTeX 2.9\tex\generic\oberdiek\pdftexcmds.sty"
Package: pdftexcmds 2011/11/29 v0.20 Utility functions of pdfTeX for LuaTeX (HO
)

("C:\Program Files (x86)\MiKTeX 2.9\tex\generic\oberdiek\ifpdf.sty"
Package: ifpdf 2011/01/30 v2.3 Provides the ifpdf switch (HO)
Package ifpdf Info: pdfTeX in PDF mode is detected.
)
Package pdftexcmds Info: LuaTeX not detected.
Package pdftexcmds Info: \pdf@primitive is available.
Package pdftexcmds Info: \pdf@ifprimitive is available.
Package pdftexcmds Info: \pdfdraftmode found.
)
Package grfext Info: Graphics extension search list:
(grfext)             [.png,.pdf,.jpg,.mps,.jpeg,.jbig2,.jb2,.PNG,.PDF,.JPG,.JPE
G,.JBIG2,.JB2,.eps]
(grfext)             \AppendGraphicsExtensions on input line 452.
))
("C:\Program Files (x86)\MiKTeX 2.9\tex\latex\hyperref\hyperref.sty"
Package: hyperref 2012/11/06 v6.83m Hypertext links for LaTeX

("C:\Program Files (x86)\MiKTeX 2.9\tex\generic\oberdiek\hobsub-hyperref.sty"
Package: hobsub-hyperref 2012/04/25 v1.12 Bundle oberdiek, subset hyperref (HO)


("C:\Program Files (x86)\MiKTeX 2.9\tex\generic\oberdiek\hobsub-generic.sty"
Package: hobsub-generic 2012/04/25 v1.12 Bundle oberdiek, subset generic (HO)
Package: hobsub 2012/04/25 v1.12 Construct package bundles (HO)
Package hobsub Info: Skipping package `infwarerr' (already loaded).
Package hobsub Info: Skipping package `ltxcmds' (already loaded).
Package hobsub Info: Skipping package `ifluatex' (already loaded).
Package: ifvtex 2010/03/01 v1.5 Detect VTeX and its facilities (HO)
Package ifvtex Info: VTeX not detected.
Package: intcalc 2007/09/27 v1.1 Expandable calculations with integers (HO)
Package hobsub Info: Skipping package `ifpdf' (already loaded).
Package hobsub Info: Skipping package `etexcmds' (already loaded).
Package hobsub Info: Skipping package `kvsetkeys' (already loaded).
Package hobsub Info: Skipping package `kvdefinekeys' (already loaded).
Package hobsub Info: Skipping package `pdftexcmds' (already loaded).
Package: pdfescape 2011/11/25 v1.13 Implements pdfTeX's escape features (HO)
Package: bigintcalc 2012/04/08 v1.3 Expandable calculations on big integers (HO
)
Package: bitset 2011/01/30 v1.1 Handle bit-vector datatype (HO)
Package: uniquecounter 2011/01/30 v1.2 Provide unlimited unique counter (HO)
)
Package hobsub Info: Skipping package `hobsub' (already loaded).
Package: letltxmacro 2010/09/02 v1.4 Let assignment for LaTeX macros (HO)
Package: hopatch 2011/06/24 v1.1 Wrapper for package hooks (HO)
Package: xcolor-patch 2011/01/30 xcolor patch
Package: atveryend 2011/06/30 v1.8 Hooks at the very end of document (HO)
Package atveryend Info: \enddocument detected (standard20110627).
Package: atbegshi 2011/10/05 v1.16 At begin shipout hook (HO)
Package: refcount 2011/10/16 v3.4 Data extraction from label references (HO)
Package: hycolor 2011/01/30 v1.7 Color options for hyperref/bookmark (HO)
)
("C:\Program Files (x86)\MiKTeX 2.9\tex\generic\ifxetex\ifxetex.sty"
Package: ifxetex 2010/09/12 v0.6 Provides ifxetex conditional
)
("C:\Program Files (x86)\MiKTeX 2.9\tex\latex\oberdiek\auxhook.sty"
Package: auxhook 2011/03/04 v1.3 Hooks for auxiliary files (HO)
)
\@linkdim=\dimen124
\Hy@linkcounter=\count112
\Hy@pagecounter=\count113

("C:\Program Files (x86)\MiKTeX 2.9\tex\latex\hyperref\pd1enc.def"
File: pd1enc.def 2012/11/06 v6.83m Hyperref: PDFDocEncoding definition (HO)
)
\Hy@SavedSpaceFactor=\count114

("C:\Program Files (x86)\MiKTeX 2.9\tex\latex\00miktex\hyperref.cfg"
File: hyperref.cfg 2002/06/06 v1.2 hyperref configuration of TeXLive
)
Package hyperref Info: Hyper figures OFF on input line 4443.
Package hyperref Info: Link nesting OFF on input line 4448.
Package hyperref Info: Hyper index ON on input line 4451.
Package hyperref Info: Plain pages OFF on input line 4458.
Package hyperref Info: Backreferencing OFF on input line 4463.
Package hyperref Info: Implicit mode ON; LaTeX internals redefined.
Package hyperref Info: Bookmarks ON on input line 4688.
\c@Hy@tempcnt=\count115

(C:\Users\aableson\AppData\Roaming\MiKTeX\2.9\tex\latex\url\url.sty
\Urlmuskip=\muskip11
Package: url 2013/09/16  ver 3.4  Verb mode for urls, etc.
)
LaTeX Info: Redefining \url on input line 5041.
\XeTeXLinkMargin=\dimen125
\Fld@menulength=\count116
\Field@Width=\dimen126
\Fld@charsize=\dimen127
Package hyperref Info: Hyper figures OFF on input line 6295.
Package hyperref Info: Link nesting OFF on input line 6300.
Package hyperref Info: Hyper index ON on input line 6303.
Package hyperref Info: backreferencing OFF on input line 6310.
Package hyperref Info: Link coloring OFF on input line 6315.
Package hyperref Info: Link coloring with OCG OFF on input line 6320.
Package hyperref Info: PDF/A mode OFF on input line 6325.
LaTeX Info: Redefining \ref on input line 6365.
LaTeX Info: Redefining \pageref on input line 6369.
\Hy@abspage=\count117
\c@Item=\count118
\c@Hfootnote=\count119
)

Package hyperref Message: Driver (autodetected): hpdftex.

("C:\Program Files (x86)\MiKTeX 2.9\tex\latex\hyperref\hpdftex.def"
File: hpdftex.def 2012/11/06 v6.83m Hyperref driver for pdfTeX
\Fld@listcount=\count120
\c@bookmark@seq@number=\count121

("C:\Program Files (x86)\MiKTeX 2.9\tex\latex\oberdiek\rerunfilecheck.sty"
Package: rerunfilecheck 2011/04/15 v1.7 Rerun checks for auxiliary files (HO)
Package uniquecounter Info: New unique counter `rerunfilecheck' on input line 2
82.
)
\Hy@SectionHShift=\skip88
)
(C:\Users\aableson\AppData\Roaming\MiKTeX\2.9\tex\latex\listings\listings.sty
\lst@mode=\count122
\lst@gtempboxa=\box56
\lst@token=\toks24
\lst@length=\count123
\lst@currlwidth=\dimen128
\lst@column=\count124
\lst@pos=\count125
\lst@lostspace=\dimen129
\lst@width=\dimen130
\lst@newlines=\count126
\lst@lineno=\count127
\lst@maxwidth=\dimen131

(C:\Users\aableson\AppData\Roaming\MiKTeX\2.9\tex\latex\listings\lstmisc.sty
File: lstmisc.sty 2015/06/04 1.6 (Carsten Heinz)
\c@lstnumber=\count128
\lst@skipnumbers=\count129
\lst@framebox=\box57
)
(C:\Users\aableson\AppData\Roaming\MiKTeX\2.9\tex\latex\listings\listings.cfg
File: listings.cfg 2015/06/04 1.6 listings configuration
))
Package: listings 2015/06/04 1.6 (Carsten Heinz)
\@float@every@noteinbox=\toks25
\c@noteinbox=\count130
("C:\Program Files (x86)\MiKTeX 2.9\tex\latex\geometry\geometry.sty"
Package: geometry 2010/09/12 v5.6 Page Geometry
\Gm@cnth=\count131
\Gm@cntv=\count132
\c@Gm@tempcnt=\count133
\Gm@bindingoffset=\dimen132
\Gm@wd@mp=\dimen133
\Gm@odd@mp=\dimen134
\Gm@even@mp=\dimen135
\Gm@layoutwidth=\dimen136
\Gm@layoutheight=\dimen137
\Gm@layouthoffset=\dimen138
\Gm@layoutvoffset=\dimen139
\Gm@dimlist=\toks26

("C:\Program Files (x86)\MiKTeX 2.9\tex\latex\geometry\geometry.cfg")))
(c:\Users\aableson\Documents\MNTCP01\WeekTitles.tex)
(c:\Users\aableson\Documents\MNTCP01\Notes\notes09.aux)
LaTeX Font Info:    Checking defaults for OML/cmm/m/it on input line 4.
LaTeX Font Info:    ... okay on input line 4.
LaTeX Font Info:    Checking defaults for T1/cmr/m/n on input line 4.
LaTeX Font Info:    ... okay on input line 4.
LaTeX Font Info:    Checking defaults for OT1/cmr/m/n on input line 4.
LaTeX Font Info:    ... okay on input line 4.
LaTeX Font Info:    Checking defaults for OMS/cmsy/m/n on input line 4.
LaTeX Font Info:    ... okay on input line 4.
LaTeX Font Info:    Checking defaults for OMX/cmex/m/n on input line 4.
LaTeX Font Info:    ... okay on input line 4.
LaTeX Font Info:    Checking defaults for U/cmr/m/n on input line 4.
LaTeX Font Info:    ... okay on input line 4.
LaTeX Font Info:    Checking defaults for PD1/pdf/m/n on input line 4.
LaTeX Font Info:    ... okay on input line 4.

(C:\Users\aableson\AppData\Roaming\MiKTeX\2.9\tex\context\base\supp-pdf.mkii
[Loading MPS to PDF converter (version 2006.09.02).]
\scratchcounter=\count134
\scratchdimen=\dimen140
\scratchbox=\box58
\nofMPsegments=\count135
\nofMParguments=\count136
\everyMPshowfont=\toks27
\MPscratchCnt=\count137
\MPscratchDim=\dimen141
\MPnumerator=\count138
\makeMPintoPDFobject=\count139
\everyMPtoPDFconversion=\toks28
)
LaTeX Info: Redefining \celsius on input line 4.
Package gensymb Info: Faking symbols for \degree and \celsius on input line 4.


Package gensymb Warning: Not defining \perthousand.

LaTeX Info: Redefining \ohm on input line 4.
Package gensymb Info: Using \Omega for \ohm on input line 4.

Package gensymb Warning: Not defining \micro.

\AtBeginShipoutBox=\box59
Package hyperref Info: Link coloring OFF on input line 4.
("C:\Program Files (x86)\MiKTeX 2.9\tex\latex\hyperref\nameref.sty"
Package: nameref 2012/10/27 v2.43 Cross-referencing by name of section

("C:\Program Files (x86)\MiKTeX 2.9\tex\generic\oberdiek\gettitlestring.sty"
Package: gettitlestring 2010/12/03 v1.4 Cleanup title references (HO)
)
\c@section@level=\count140
)
LaTeX Info: Redefining \ref on input line 4.
LaTeX Info: Redefining \pageref on input line 4.
LaTeX Info: Redefining \nameref on input line 4.
\@outlinefile=\write3
\c@lstlisting=\count141

*geometry* driver: auto-detecting
*geometry* detected driver: pdftex
*geometry* verbose mode - [ preamble ] result:
* driver: pdftex
* paper: letterpaper
* layout: <same size as paper>
* layoutoffset:(h,v)=(0.0pt,0.0pt)
* modes: landscape twoside 
* h-part:(L,W,R)=(57.81621pt, 679.33757pt, 57.81621pt)
* v-part:(T,H,B)=(72.26999pt, 527.57124pt, 14.45377pt)
* \paperwidth=794.96999pt
* \paperheight=614.295pt
* \textwidth=679.33757pt
* \textheight=527.57124pt
* \oddsidemargin=-14.45378pt
* \evensidemargin=-14.45378pt
* \topmargin=-37.0pt
* \headheight=12.0pt
* \headsep=25.0pt
* \topskip=12.0pt
* \footskip=30.0pt
* \marginparwidth=95.0pt
* \marginparsep=10.0pt
* \columnsep=54.2025pt
* \skip\footins=10.8pt plus 4.0pt minus 2.0pt
* \hoffset=0.0pt
* \voffset=-25.83336pt
* \mag=1000
* \@twocolumnfalse
* \@twosidetrue
* \@mparswitchtrue
* \@reversemarginfalse
* (1in=72.27pt=25.4mm, 1cm=28.453pt)

LaTeX Font Info:    Try loading font information for U+msa on input line 12.
("C:\Program Files (x86)\MiKTeX 2.9\tex\latex\amsfonts\umsa.fd"
File: umsa.fd 2013/01/14 v3.01 AMS symbols A
)
LaTeX Font Info:    Try loading font information for U+msb on input line 12.

("C:\Program Files (x86)\MiKTeX 2.9\tex\latex\amsfonts\umsb.fd"
File: umsb.fd 2013/01/14 v3.01 AMS symbols B
)
Overfull \hbox (19.22742pt too wide) in paragraph at lines 12--13
[][] 
 []

LaTeX Font Info:    Try loading font information for OMS+cmr on input line 18.
("C:\Program Files (x86)\MiKTeX 2.9\tex\latex\base\omscmr.fd"
File: omscmr.fd 1999/05/25 v2.5h Standard LaTeX font definitions
)
LaTeX Font Info:    Font shape `OMS/cmr/m/n' in size <24.88> not available
(Font)              Font shape `OMS/cmsy/m/n' tried instead on input line 18.
 [1

{C:/Users/aableson/AppData/Local/MiKTeX/2.9/pdftex/config/pdftex.map}]
<graphics/notes_09_pendulum_diagram.pdf, id=11, 131.49126pt x 229.85774pt>
File: graphics/notes_09_pendulum_diagram.pdf Graphic file (type pdf)

<use graphics/notes_09_pendulum_diagram.pdf>
Package pdftex.def Info: graphics/notes_09_pendulum_diagram.pdf used on input l
ine 37.
(pdftex.def)             Requested size: 169.83438pt x 296.89648pt.


Package Fancyhdr Warning: \headheight is too small (12.0pt): 
 Make it at least 14.49998pt.
 We now make it that large for the rest of the document.
 This may cause the page layout to be inconsistent, however.

pdfTeX warning (ext4): destination with the same identifier (name{page.1}) has 
been already used, duplicate ignored
<to be read again> 
                   \relax 
l.54 \newpage
              [1 <c:/Users/aableson/Documents/MNTCP01/Notes/graphics/notes_09_p
endulum_diagram.pdf>]
<graphics/notes_08_hanging_mass.pdf, id=31, 145.86595pt x 129.48375pt>
File: graphics/notes_08_hanging_mass.pdf Graphic file (type pdf)

<use graphics/notes_08_hanging_mass.pdf>
Package pdftex.def Info: graphics/notes_08_hanging_mass.pdf used on input line 
60.
(pdftex.def)             Requested size: 122.27806pt x 108.54825pt.
File: graphics/notes_09_pendulum_diagram.pdf Graphic file (type pdf)

<use graphics/notes_09_pendulum_diagram.pdf>
Package pdftex.def Info: graphics/notes_09_pendulum_diagram.pdf used on input l
ine 69.
(pdftex.def)             Requested size: 61.13902pt x 106.87572pt.
 [2 <c:/Users/aableson/Documents/MNTCP01/Notes/graphics/notes_08_hanging_mass.p
df>]
Overfull \hbox (20.53719pt too wide) in paragraph at lines 80--82
[]\OT1/cmr/bx/n/24.88 Problem. \OT1/cmr/m/n/24.88 Cre-ate a new MAT-LAB func-ti
on file called \OT1/cmtt/m/n/24.88 pendulumDE.m\OT1/cmr/m/n/24.88 .
 []

[3] [4]pdfTeX warning (ext4): destination with the same identifier (name{page.1
}) has been already used, duplicate ignored
<to be read again> 
                   \relax 
l.119 \newpage
               [1]pdfTeX warning (ext4): destination with the same identifier (
name{page.2}) has been already used, duplicate ignored
<to be read again> 
                   \relax 
l.130 \newpage
               [2]pdfTeX warning (ext4): destination with the same identifier (
name{page.3}) has been already used, duplicate ignored
<to be read again> 
                   \relax 
l.135 \newpage
               [3]
Underfull \hbox (badness 10000) in paragraph at lines 145--146

 []

pdfTeX warning (ext4): destination with the same identifier (name{page.1}) has 
been already used, duplicate ignored
<to be read again> 
                   \relax 
l.149 \newpage
               [1]pdfTeX warning (ext4): destination with the same identifier (
name{page.2}) has been already used, duplicate ignored
<to be read again> 
                   \relax 
l.158 \newpage
               [2]pdfTeX warning (ext4): destination with the same identifier (
name{page.3}) has been already used, duplicate ignored
<to be read again> 
                   \relax 
l.164 \newpage
               [3]pdfTeX warning (ext4): destination with the same identifier (
name{page.1}) has been already used, duplicate ignored
<to be read again> 
                   \relax 
l.177 \newpage
               [1]pdfTeX warning (ext4): destination with the same identifier (
name{page.2}) has been already used, duplicate ignored
<to be read again> 
                   \relax 
l.182 \newpage
               [2]pdfTeX warning (ext4): destination with the same identifier (
name{page.1}) has been already used, duplicate ignored
<to be read again> 
                   \relax 
l.202 \newpage
               [1]pdfTeX warning (ext4): destination with the same identifier (
name{page.2}) has been already used, duplicate ignored
<to be read again> 
                   \relax 
l.208 \newpage
               [2]pdfTeX warning (ext4): destination with the same identifier (
name{page.3}) has been already used, duplicate ignored
<to be read again> 
                   \relax 
l.215 \newpage
               [3]pdfTeX warning (ext4): destination with the same identifier (
name{page.4}) has been already used, duplicate ignored
<to be read again> 
                   \relax 
l.220 \newpage
               [4]
<graphics/notes_09_tanks1.pdf, id=98, 330.23274pt x 120.45pt>
File: graphics/notes_09_tanks1.pdf Graphic file (type pdf)

<use graphics/notes_09_tanks1.pdf>
Package pdftex.def Info: graphics/notes_09_tanks1.pdf used on input line 229.
(pdftex.def)             Requested size: 475.53423pt x 173.45335pt.
pdfTeX warning (ext4): destination with the same identifier (name{page.1}) has 
been already used, duplicate ignored
<to be read again> 
                   \relax 
l.237 \newpage
               [1 <c:/Users/aableson/Documents/MNTCP01/Notes/graphics/notes_09_
tanks1.pdf>]
File: graphics/notes_09_tanks1.pdf Graphic file (type pdf)
 <use graphics/notes_09_tanks1.pdf>
Package pdftex.def Info: graphics/notes_09_tanks1.pdf used on input line 247.
(pdftex.def)             Requested size: 305.69983pt x 111.50455pt.
pdfTeX warning (ext4): destination with the same identifier (name{page.2}) has 
been already used, duplicate ignored
<to be read again> 
                   \relax 
l.251 \newpage
               [2]
File: graphics/notes_09_tanks1.pdf Graphic file (type pdf)
 <use graphics/notes_09_tanks1.pdf>
Package pdftex.def Info: graphics/notes_09_tanks1.pdf used on input line 264.
(pdftex.def)             Requested size: 305.69983pt x 111.50455pt.
pdfTeX warning (ext4): destination with the same identifier (name{page.3}) has 
been already used, duplicate ignored
<to be read again> 
                   \relax 
l.267 \newpage
               [3]
<graphics/notes_09_tanks2.pdf, id=125, 308.15024pt x 120.45pt>
File: graphics/notes_09_tanks2.pdf Graphic file (type pdf)

<use graphics/notes_09_tanks2.pdf>
Package pdftex.def Info: graphics/notes_09_tanks2.pdf used on input line 274.
(pdftex.def)             Requested size: 475.53423pt x 185.89053pt.
pdfTeX warning (ext4): destination with the same identifier (name{page.1}) has 
been already used, duplicate ignored
<to be read again> 
                   \relax 
l.282 \newpage
               [1 <c:/Users/aableson/Documents/MNTCP01/Notes/graphics/notes_09_
tanks2.pdf>]
File: graphics/notes_09_tanks2.pdf Graphic file (type pdf)
 <use graphics/notes_09_tanks2.pdf>
Package pdftex.def Info: graphics/notes_09_tanks2.pdf used on input line 292.
(pdftex.def)             Requested size: 305.69983pt x 119.50131pt.
pdfTeX warning (ext4): destination with the same identifier (name{page.2}) has 
been already used, duplicate ignored
<to be read again> 
                   \relax 
l.298 \newpage
               [2]
File: graphics/notes_09_tanks2.pdf Graphic file (type pdf)
 <use graphics/notes_09_tanks2.pdf>
Package pdftex.def Info: graphics/notes_09_tanks2.pdf used on input line 311.
(pdftex.def)             Requested size: 305.69983pt x 119.50131pt.
pdfTeX warning (ext4): destination with the same identifier (name{page.3}) has 
been already used, duplicate ignored
<to be read again> 
                   \relax 
l.315 \newpage
               [3]
File: graphics/notes_09_tanks2.pdf Graphic file (type pdf)
 <use graphics/notes_09_tanks2.pdf>
Package pdftex.def Info: graphics/notes_09_tanks2.pdf used on input line 320.
(pdftex.def)             Requested size: 305.69983pt x 119.50131pt.
Package atveryend Info: Empty hook `BeforeClearDocument' on input line 325.
pdfTeX warning (ext4): destination with the same identifier (name{page.4}) has 
been already used, duplicate ignored
<to be read again> 
                   \relax 
l.325 \end{document}
                     [4]
Package atveryend Info: Empty hook `AfterLastShipout' on input line 325.
 (c:\Users\aableson\Documents\MNTCP01\Notes\notes09.aux)
Package atveryend Info: Executing hook `AtVeryEndDocument' on input line 325.
Package atveryend Info: Executing hook `AtEndAfterFileList' on input line 325.


Package rerunfilecheck Warning: File `notes09.out' has changed.
(rerunfilecheck)                Rerun to get outlines right
(rerunfilecheck)                or use package `bookmark'.

Package rerunfilecheck Info: Checksums for `notes09.out':
(rerunfilecheck)             Before: <no file>
(rerunfilecheck)             After:  93A252EB6761EB37245198A180840EBA;68.
Package atveryend Info: Empty hook `AtVeryVeryEnd' on input line 325.
 ) 
Here is how much of TeX's memory you used:
 8303 strings out of 493921
 121213 string characters out of 3144867
 211940 words of memory out of 3000000
 11465 multiletter control sequences out of 15000+200000
 9404 words of font info for 36 fonts, out of 3000000 for 9000
 841 hyphenation exceptions out of 8191
 44i,12n,43p,352b,328s stack positions out of 5000i,500n,10000p,200000b,50000s
<C:/Program Files (x86)/MiKTeX 2.9/fonts/type1/public/amsfonts/cm/cmbx12.pfb>
<C:/Program Files (x86)/MiKTeX 2.9/fonts/type1/public/amsfonts/cm/cmex10.pfb><C
:/Program Files (x86)/MiKTeX 2.9/fonts/type1/public/amsfonts/cm/cmmi12.pfb><C:/
Program Files (x86)/MiKTeX 2.9/fonts/type1/public/amsfonts/cm/cmr12.pfb><C:/Pro
gram Files (x86)/MiKTeX 2.9/fonts/type1/public/amsfonts/cm/cmr17.pfb><C:/Progra
m Files (x86)/MiKTeX 2.9/fonts/type1/public/amsfonts/cm/cmsy10.pfb><C:/Program 
Files (x86)/MiKTeX 2.9/fonts/type1/public/amsfonts/cm/cmtt12.pfb>
Output written on notes09.pdf (24 pages, 134978 bytes).
PDF statistics:
 181 PDF objects out of 1000 (max. 8388607)
 12 named destinations out of 1000 (max. 500000)
 21 words of extra memory for PDF output out of 10000 (max. 10000000)

